Build started 3/24/2012 10:12:11 AM.
     1>Project "C:\Uplink Dev CD\lib\gucci\Gucci.vcxproj" on node 2 (build target(s)).
     1>InitializeBuildStatus:
         Creating "Debug\Gucci.unsuccessfulbuild" because "AlwaysCreate" was specified.
       ClCompile:
         c:\Program Files (x86)\Microsoft Visual Studio 10.0\VC\bin\CL.exe /c /I..\mmgr /I..\tosser /I..\common /I"..\..\contrib\gltt-2.5" /I"..\..\contrib\tiff-3.7.2\libtiff" /I"..\..\contrib\glut-3.7.6-bin" /I"..\..\contrib\SDL-1.2.11\include" /ZI /nologo /W3 /WX- /Od /Oy- /D USE_SDL /D WIN32 /D _CRT_SECURE_NO_DEPRECATE /D USE_GLTT /Gm /EHsc /RTC1 /MTd /GS /fp:precise /Zc:wchar_t /Zc:forScope /Fo"Debug\\" /Fd"Debug\vc100.pdb" /Gd /TP /wd4996 /analyze- /errorReport:prompt gucci.cpp gucci_glut.cpp gucci_sdl.cpp image.cpp resize_unix.cpp resize_win32.cpp
         resize_win32.cpp
         resize_unix.cpp
         image.cpp
         gucci_sdl.cpp
         gucci_glut.cpp
         gucci.cpp
         Generating Code...
       Lib:
         c:\Program Files (x86)\Microsoft Visual Studio 10.0\VC\bin\Lib.exe /OUT:"..\bin\Gucci.lib" /NOLOGO Debug\gucci.obj
         Debug\gucci_glut.obj
         Debug\gucci_sdl.obj
         Debug\image.obj
         Debug\resize_unix.obj
         Debug\resize_win32.obj
         Gucci.vcxproj -> C:\Uplink Dev CD\lib\gucci\..\bin\Gucci.lib
       FinalizeBuildStatus:
         Deleting file "Debug\Gucci.unsuccessfulbuild".
         Touching "Debug\Gucci.lastbuildstate".
     1>Done Building Project "C:\Uplink Dev CD\lib\gucci\Gucci.vcxproj" (build target(s)).

Build succeeded.

Time Elapsed 00:00:03.77
