C:\UPLINK DEV CD\CONTRIB\BIN\UNRAR.LIB
C:\Uplink Dev CD\contrib\unrar\..\bin\Unrar.lib
C:\UPLINK DEV CD\CONTRIB\UNRAR\RELEASE\ARCHIVE.OBJ
C:\UPLINK DEV CD\CONTRIB\UNRAR\RELEASE\ARCREAD.OBJ
C:\UPLINK DEV CD\CONTRIB\UNRAR\RELEASE\CMDDATA.OBJ
C:\UPLINK DEV CD\CONTRIB\UNRAR\RELEASE\CONSIO.OBJ
C:\UPLINK DEV CD\CONTRIB\UNRAR\RELEASE\CRC.OBJ
C:\UPLINK DEV CD\CONTRIB\UNRAR\RELEASE\CRYPT.OBJ
C:\UPLINK DEV CD\CONTRIB\UNRAR\RELEASE\ENCNAME.OBJ
C:\UPLINK DEV CD\CONTRIB\UNRAR\RELEASE\ERRHND.OBJ
C:\UPLINK DEV CD\CONTRIB\UNRAR\RELEASE\EXTINFO.OBJ
C:\UPLINK DEV CD\CONTRIB\UNRAR\RELEASE\EXTRACT.OBJ
C:\UPLINK DEV CD\CONTRIB\UNRAR\RELEASE\FILCREAT.OBJ
C:\UPLINK DEV CD\CONTRIB\UNRAR\RELEASE\FILE.OBJ
C:\UPLINK DEV CD\CONTRIB\UNRAR\RELEASE\FILEFN.OBJ
C:\UPLINK DEV CD\CONTRIB\UNRAR\RELEASE\FILESTR.OBJ
C:\UPLINK DEV CD\CONTRIB\UNRAR\RELEASE\FIND.OBJ
C:\UPLINK DEV CD\CONTRIB\UNRAR\RELEASE\GETBITS.OBJ
C:\UPLINK DEV CD\CONTRIB\UNRAR\RELEASE\GLOBAL.OBJ
C:\UPLINK DEV CD\CONTRIB\UNRAR\RELEASE\INT64.OBJ
C:\UPLINK DEV CD\CONTRIB\UNRAR\RELEASE\ISNT.OBJ
C:\UPLINK DEV CD\CONTRIB\UNRAR\RELEASE\LIST.OBJ
C:\UPLINK DEV CD\CONTRIB\UNRAR\RELEASE\MATCH.OBJ
C:\UPLINK DEV CD\CONTRIB\UNRAR\RELEASE\OPTIONS.OBJ
C:\UPLINK DEV CD\CONTRIB\UNRAR\RELEASE\PATHFN.OBJ
C:\UPLINK DEV CD\CONTRIB\UNRAR\RELEASE\RARBLOAT.OBJ
C:\UPLINK DEV CD\CONTRIB\UNRAR\RELEASE\RARRESOURCE.OBJ
C:\UPLINK DEV CD\CONTRIB\UNRAR\RELEASE\RARVM.OBJ
C:\UPLINK DEV CD\CONTRIB\UNRAR\RELEASE\RARVMTBL.OBJ
C:\UPLINK DEV CD\CONTRIB\UNRAR\RELEASE\RAWREAD.OBJ
C:\UPLINK DEV CD\CONTRIB\UNRAR\RELEASE\RDWRFN.OBJ
C:\UPLINK DEV CD\CONTRIB\UNRAR\RELEASE\RECVOL.OBJ
C:\UPLINK DEV CD\CONTRIB\UNRAR\RELEASE\RIJNDAEL.OBJ
C:\UPLINK DEV CD\CONTRIB\UNRAR\RELEASE\RS.OBJ
C:\UPLINK DEV CD\CONTRIB\UNRAR\RELEASE\SAVEPOS.OBJ
C:\UPLINK DEV CD\CONTRIB\UNRAR\RELEASE\SCANTREE.OBJ
C:\UPLINK DEV CD\CONTRIB\UNRAR\RELEASE\SHA1.OBJ
C:\UPLINK DEV CD\CONTRIB\UNRAR\RELEASE\STRFN.OBJ
C:\UPLINK DEV CD\CONTRIB\UNRAR\RELEASE\STRLIST.OBJ
C:\UPLINK DEV CD\CONTRIB\UNRAR\RELEASE\SYSTEM.OBJ
C:\UPLINK DEV CD\CONTRIB\UNRAR\RELEASE\TIMEFN.OBJ
C:\UPLINK DEV CD\CONTRIB\UNRAR\RELEASE\ULINKS.OBJ
C:\UPLINK DEV CD\CONTRIB\UNRAR\RELEASE\UNICODE.OBJ
C:\UPLINK DEV CD\CONTRIB\UNRAR\RELEASE\UNPACK.OBJ
C:\UPLINK DEV CD\CONTRIB\UNRAR\RELEASE\UNRAR.OBJ
C:\UPLINK DEV CD\CONTRIB\UNRAR\RELEASE\VC100.PDB
C:\UPLINK DEV CD\CONTRIB\UNRAR\RELEASE\VOLUME.OBJ
C:\Uplink Dev CD\contrib\unrar\Unoptimised\cl.command.1.tlog
C:\Uplink Dev CD\contrib\unrar\Unoptimised\CL.read.1.tlog
C:\Uplink Dev CD\contrib\unrar\Unoptimised\CL.write.1.tlog
C:\Uplink Dev CD\contrib\unrar\Unoptimised\lib.command.1.tlog
C:\Uplink Dev CD\contrib\unrar\Unoptimised\Lib-link.read.1.tlog
C:\Uplink Dev CD\contrib\unrar\Unoptimised\Lib-link.write.1.tlog
