..\bin\Uplink.pdb
C:\UPLINK DEV CD\UPLINK\SRC\UNOPTIMISED\ACADEMICSCREEN_INTERFACE.OBJ
C:\UPLINK DEV CD\UPLINK\SRC\UNOPTIMISED\ACCOUNTSCREEN_INTERFACE.OBJ
C:\UPLINK DEV CD\UPLINK\SRC\UNOPTIMISED\AGENT.OBJ
C:\UPLINK DEV CD\UPLINK\SRC\UNOPTIMISED\ANALYSER_INTERFACE.OBJ
C:\UPLINK DEV CD\UPLINK\SRC\UNOPTIMISED\APP.OBJ
C:\UPLINK DEV CD\UPLINK\SRC\UNOPTIMISED\ARRESTEVENT.OBJ
C:\UPLINK DEV CD\UPLINK\SRC\UNOPTIMISED\ATTEMPTMISSIONEVENT.OBJ
C:\UPLINK DEV CD\UPLINK\SRC\UNOPTIMISED\BANKACCOUNT.OBJ
C:\UPLINK DEV CD\UPLINK\SRC\UNOPTIMISED\BANKCOMPUTER.OBJ
C:\UPLINK DEV CD\UPLINK\SRC\UNOPTIMISED\BANKROBBERYEVENT.OBJ
C:\UPLINK DEV CD\UPLINK\SRC\UNOPTIMISED\BBSSCREEN.OBJ
C:\UPLINK DEV CD\UPLINK\SRC\UNOPTIMISED\BBSSCREEN_INTERFACE.OBJ
C:\UPLINK DEV CD\UPLINK\SRC\UNOPTIMISED\BINRELOC.OBJ
C:\UPLINK DEV CD\UPLINK\SRC\UNOPTIMISED\CHANGEGATEWAYEVENT.OBJ
C:\UPLINK DEV CD\UPLINK\SRC\UNOPTIMISED\CHANGEGATEWAYSCREEN_INTERFACE.OBJ
C:\UPLINK DEV CD\UPLINK\SRC\UNOPTIMISED\CHEAT_INTERFACE.OBJ
C:\Uplink Dev CD\uplink\src\Unoptimised\cl.command.1.tlog
C:\Uplink Dev CD\uplink\src\Unoptimised\CL.read.1.tlog
C:\Uplink Dev CD\uplink\src\Unoptimised\CL.write.1.tlog
C:\UPLINK DEV CD\UPLINK\SRC\UNOPTIMISED\CLIENTCOMMSINTERFACE.OBJ
C:\UPLINK DEV CD\UPLINK\SRC\UNOPTIMISED\CLIENTCONNECTION.OBJ
C:\UPLINK DEV CD\UPLINK\SRC\UNOPTIMISED\CLIENTSTATUSINTERFACE.OBJ
C:\UPLINK DEV CD\UPLINK\SRC\UNOPTIMISED\CLOSING_INTERFACE.OBJ
C:\UPLINK DEV CD\UPLINK\SRC\UNOPTIMISED\CODECARDSCREEN_INTERFACE.OBJ
C:\UPLINK DEV CD\UPLINK\SRC\UNOPTIMISED\COMPANY.OBJ
C:\UPLINK DEV CD\UPLINK\SRC\UNOPTIMISED\COMPANYINFOSCREEN_INTERFACE.OBJ
C:\UPLINK DEV CD\UPLINK\SRC\UNOPTIMISED\COMPANYUPLINK.OBJ
C:\UPLINK DEV CD\UPLINK\SRC\UNOPTIMISED\COMPUTER.OBJ
C:\UPLINK DEV CD\UPLINK\SRC\UNOPTIMISED\COMPUTERSCREEN.OBJ
C:\UPLINK DEV CD\UPLINK\SRC\UNOPTIMISED\CONNECTION.OBJ
C:\UPLINK DEV CD\UPLINK\SRC\UNOPTIMISED\CONNECTIONLOST_INTERFACE.OBJ
C:\UPLINK DEV CD\UPLINK\SRC\UNOPTIMISED\CONSEQUENCEGENERATOR.OBJ
C:\UPLINK DEV CD\UPLINK\SRC\UNOPTIMISED\CONSOLESCREEN_INTERFACE.OBJ
C:\UPLINK DEV CD\UPLINK\SRC\UNOPTIMISED\CONTACTSCREEN_INTERFACE.OBJ
C:\UPLINK DEV CD\UPLINK\SRC\UNOPTIMISED\CRIMINALSCREEN_INTERFACE.OBJ
C:\UPLINK DEV CD\UPLINK\SRC\UNOPTIMISED\CYPHERSCREEN.OBJ
C:\UPLINK DEV CD\UPLINK\SRC\UNOPTIMISED\CYPHERSCREEN_INTERFACE.OBJ
C:\UPLINK DEV CD\UPLINK\SRC\UNOPTIMISED\DATA.OBJ
C:\UPLINK DEV CD\UPLINK\SRC\UNOPTIMISED\DATABANK.OBJ
C:\UPLINK DEV CD\UPLINK\SRC\UNOPTIMISED\DATE.OBJ
C:\UPLINK DEV CD\UPLINK\SRC\UNOPTIMISED\DECRYPTER.OBJ
C:\UPLINK DEV CD\UPLINK\SRC\UNOPTIMISED\DECYPHER.OBJ
C:\UPLINK DEV CD\UPLINK\SRC\UNOPTIMISED\DEFRAG.OBJ
C:\UPLINK DEV CD\UPLINK\SRC\UNOPTIMISED\DEMOGAMEOVER_INTERFACE.OBJ
C:\UPLINK DEV CD\UPLINK\SRC\UNOPTIMISED\DEMOPLOTGENERATOR.OBJ
C:\UPLINK DEV CD\UPLINK\SRC\UNOPTIMISED\DIALOGSCREEN.OBJ
C:\UPLINK DEV CD\UPLINK\SRC\UNOPTIMISED\DIALOGSCREEN_INTERFACE.OBJ
C:\UPLINK DEV CD\UPLINK\SRC\UNOPTIMISED\DICTIONARYHACKER.OBJ
C:\UPLINK DEV CD\UPLINK\SRC\UNOPTIMISED\DISAVOWED_INTERFACE.OBJ
C:\UPLINK DEV CD\UPLINK\SRC\UNOPTIMISED\DISCONNECTEDSCREEN.OBJ
C:\UPLINK DEV CD\UPLINK\SRC\UNOPTIMISED\DISCONNECTEDSCREEN_INTERFACE.OBJ
C:\UPLINK DEV CD\UPLINK\SRC\UNOPTIMISED\DOS2UNIX.OBJ
C:\UPLINK DEV CD\UPLINK\SRC\UNOPTIMISED\EMAIL_INTERFACE.OBJ
C:\UPLINK DEV CD\UPLINK\SRC\UNOPTIMISED\EVENTSCHEDULER.OBJ
C:\UPLINK DEV CD\UPLINK\SRC\UNOPTIMISED\EVTQUEUE_INTERFACE.OBJ
C:\UPLINK DEV CD\UPLINK\SRC\UNOPTIMISED\EXCEPTIONHANDLER.OBJ
C:\UPLINK DEV CD\UPLINK\SRC\UNOPTIMISED\FAITH.OBJ
C:\UPLINK DEV CD\UPLINK\SRC\UNOPTIMISED\FAITHSCREEN_INTERFACE.OBJ
C:\UPLINK DEV CD\UPLINK\SRC\UNOPTIMISED\FILECOPIER.OBJ
C:\UPLINK DEV CD\UPLINK\SRC\UNOPTIMISED\FILEDELETER.OBJ
C:\UPLINK DEV CD\UPLINK\SRC\UNOPTIMISED\FILESERVERSCREEN_INTERFACE.OBJ
C:\UPLINK DEV CD\UPLINK\SRC\UNOPTIMISED\FINANCE_INTERFACE.OBJ
C:\UPLINK DEV CD\UPLINK\SRC\UNOPTIMISED\FIREWALLDISABLE.OBJ
C:\UPLINK DEV CD\UPLINK\SRC\UNOPTIMISED\FIRSTTIMELOADING_INTERFACE.OBJ
C:\UPLINK DEV CD\UPLINK\SRC\UNOPTIMISED\FPS.OBJ
C:\UPLINK DEV CD\UPLINK\SRC\UNOPTIMISED\GAME.OBJ
C:\UPLINK DEV CD\UPLINK\SRC\UNOPTIMISED\GAMEOBITUARY.OBJ
C:\UPLINK DEV CD\UPLINK\SRC\UNOPTIMISED\GATEWAY.OBJ
C:\UPLINK DEV CD\UPLINK\SRC\UNOPTIMISED\GATEWAY_INTERFACE.OBJ
C:\UPLINK DEV CD\UPLINK\SRC\UNOPTIMISED\GATEWAYDEF.OBJ
C:\UPLINK DEV CD\UPLINK\SRC\UNOPTIMISED\GATEWAYNUKE.OBJ
C:\UPLINK DEV CD\UPLINK\SRC\UNOPTIMISED\GENERICOPTIONS_INTERFACE.OBJ
C:\UPLINK DEV CD\UPLINK\SRC\UNOPTIMISED\GENERICSCREEN.OBJ
C:\UPLINK DEV CD\UPLINK\SRC\UNOPTIMISED\GETWINVER.OBJ
C:\UPLINK DEV CD\UPLINK\SRC\UNOPTIMISED\GRAPHICOPTIONS_INTERFACE.OBJ
C:\UPLINK DEV CD\UPLINK\SRC\UNOPTIMISED\HIGHSECURITYSCREEN.OBJ
C:\UPLINK DEV CD\UPLINK\SRC\UNOPTIMISED\HIGHSECURITYSCREEN_INTERFACE.OBJ
C:\UPLINK DEV CD\UPLINK\SRC\UNOPTIMISED\HUD_INTERFACE.OBJ
C:\UPLINK DEV CD\UPLINK\SRC\UNOPTIMISED\HW_INTERFACE.OBJ
C:\UPLINK DEV CD\UPLINK\SRC\UNOPTIMISED\HWSALESSCREEN_INTERFACE.OBJ
C:\UPLINK DEV CD\UPLINK\SRC\UNOPTIMISED\INSTALLHARDWAREEVENT.OBJ
C:\UPLINK DEV CD\UPLINK\SRC\UNOPTIMISED\INTERFACE.OBJ
C:\UPLINK DEV CD\UPLINK\SRC\UNOPTIMISED\INTERFACESCREEN.OBJ
C:\Uplink Dev CD\uplink\src\Unoptimised\Uplink.write.1.tlog
C:\UPLINK DEV CD\UPLINK\SRC\UNOPTIMISED\VC100.PDB
