Build started 3/24/2012 4:58:28 PM.
     1>Project "C:\Uplink Dev CD\uplink\src\Uplink.vcxproj" on node 2 (build target(s)).
     1>InitializeBuildStatus:
         Creating "Unoptimised\Uplink.unsuccessfulbuild" because "AlwaysCreate" was specified.
       ClCompile:
         c:\Program Files (x86)\Microsoft Visual Studio 10.0\VC\bin\CL.exe /c /I. /I..\..\lib\tosser /I..\..\lib\eclipse /I..\..\lib\bungle /I..\..\lib\gucci /I..\..\lib\redshirt /I..\..\lib\soundgarden /I..\..\lib\vanbakel /I..\..\lib\common /I..\..\contrib\tcp4u.331\include /I..\..\contrib\irclib /I..\..\contrib\XCrashReport /I"..\..\contrib\SDL-1.2.11\include" /I..\..\lib\mmgr /Zi /nologo /W3 /WX- /Od /Oy- /D USE_SDL /D WIN32 /D _CRT_SECURE_NO_DEPRECATE /D FULLGAME /Gm- /EHsc /MT /GS /fp:precise /Zc:wchar_t /Zc:forScope /Fo"Unoptimised\\" /Fd"Unoptimised\vc100.pdb" /Gd /TP /wd4996 /wd4800 /analyze- /errorReport:prompt world\generator\plotgenerator.cpp
         plotgenerator.cpp
         All outputs are up-to-date.
       ResourceCompile:
         All outputs are up-to-date.
       ManifestResourceCompile:
         All outputs are up-to-date.
       Link:
         c:\Program Files (x86)\Microsoft Visual Studio 10.0\VC\bin\link.exe /ERRORREPORT:PROMPT /OUT:"..\bin\Uplink.exe" /INCREMENTAL /NOLOGO /LIBPATH:..\..\lib\bin /LIBPATH:..\..\contrib\bin /LIBPATH:..\..\contrib\tcp4u.331\tcp4w32 /LIBPATH:"..\..\contrib\tiff-3.7.2\libtiff" /LIBPATH:"..\..\contrib\gltt-2.5" /LIBPATH:"..\..\contrib\freetype-1.3.1" /LIBPATH:"..\..\contrib\SDL-1.2.11_dev\VisualC\SDL\Release" /LIBPATH:"..\..\contrib\SDL_mixer-1.2.7_patched\VisualC\Release" bungle.lib eclipse.lib gucci.lib redshirt.lib soundgarden.lib vanbakel.lib irclib.lib sdl.lib SDL_mixer.lib tcp4w32.lib libtiff.lib gltt.lib freetype.lib dbghelp.lib opengl32.lib glu32.lib winmm.lib kernel32.lib user32.lib gdi32.lib winspool.lib comdlg32.lib advapi32.lib shell32.lib ole32.lib oleaut32.lib uuid.lib odbc32.lib odbccp32.lib /NODEFAULTLIB:libcd.lib /NODEFAULTLIB:libc.lib /MANIFEST /ManifestFile:"Unoptimised\Uplink.exe.intermediate.manifest" /MANIFESTUAC:"level='asInvoker' uiAccess='false'" /DEBUG /PDB:"C:\Uplink Dev CD\uplink\bin\Uplink.pdb" /SUBSYSTEM:WINDOWS /OPT:REF /OPT:ICF /TLBID:1 /DYNAMICBASE /NXCOMPAT /IMPLIB:"..\bin\Uplink.lib" /MACHINE:X86 Unoptimised\resources.res
         Unoptimised\Uplink.exe.embed.manifest.res
         Unoptimised\academicscreen_interface.obj
         Unoptimised\accountscreen_interface.obj
         Unoptimised\agent.obj
         Unoptimised\analyser_interface.obj
         Unoptimised\app.obj
         Unoptimised\arrestevent.obj
         Unoptimised\attemptmissionevent.obj
         Unoptimised\bankaccount.obj
         Unoptimised\bankcomputer.obj
         Unoptimised\bankrobberyevent.obj
         Unoptimised\bbsscreen.obj
         Unoptimised\bbsscreen_interface.obj
         Unoptimised\binreloc.obj
         Unoptimised\changegatewayevent.obj
         Unoptimised\changegatewayscreen_interface.obj
         Unoptimised\cheat_interface.obj
         Unoptimised\clientcommsinterface.obj
         Unoptimised\clientconnection.obj
         Unoptimised\clientstatusinterface.obj
         Unoptimised\closing_interface.obj
         Unoptimised\codecardscreen_interface.obj
         Unoptimised\company.obj
         Unoptimised\companyinfoscreen_interface.obj
         Unoptimised\companyuplink.obj
         Unoptimised\computer.obj
         Unoptimised\computerscreen.obj
         Unoptimised\connection.obj
         Unoptimised\connectionlost_interface.obj
         Unoptimised\consequencegenerator.obj
         Unoptimised\consolescreen_interface.obj
         Unoptimised\contactscreen_interface.obj
         Unoptimised\criminalscreen_interface.obj
         Unoptimised\cypherscreen.obj
         Unoptimised\cypherscreen_interface.obj
         Unoptimised\data.obj
         Unoptimised\databank.obj
         Unoptimised\date.obj
         Unoptimised\decode.obj
         Unoptimised\decrypter.obj
         Unoptimised\decypher.obj
         Unoptimised\defrag.obj
         Unoptimised\demogameover_interface.obj
         Unoptimised\demoplotgenerator.obj
         Unoptimised\dialogscreen.obj
         Unoptimised\dialogscreen_interface.obj
         Unoptimised\dictionaryhacker.obj
         Unoptimised\disavowed_interface.obj
         Unoptimised\disconnectedscreen.obj
         Unoptimised\disconnectedscreen_interface.obj
         Unoptimised\dos2unix.obj
         Unoptimised\email_interface.obj
         Unoptimised\eventscheduler.obj
         Unoptimised\evtqueue_interface.obj
         Unoptimised\ExceptionHandler.obj
         Unoptimised\faith.obj
         Unoptimised\faithscreen_interface.obj
         Unoptimised\filecopier.obj
         Unoptimised\filedeleter.obj
         Unoptimised\fileserverscreen_interface.obj
         Unoptimised\finance_interface.obj
         Unoptimised\firewalldisable.obj
         Unoptimised\firsttimeloading_interface.obj
         Unoptimised\fps.obj
         Unoptimised\game.obj
         Unoptimised\gameobituary.obj
         Unoptimised\gateway.obj
         Unoptimised\gateway_interface.obj
         Unoptimised\gatewaydef.obj
         Unoptimised\gatewaynuke.obj
         Unoptimised\genericoptions_interface.obj
         Unoptimised\genericscreen.obj
         Unoptimised\GetWinVer.obj
         Unoptimised\graphicoptions_interface.obj
         Unoptimised\highsecurityscreen.obj
         Unoptimised\highsecurityscreen_interface.obj
         Unoptimised\hud_interface.obj
         Unoptimised\hw_interface.obj
         Unoptimised\hwsalesscreen_interface.obj
         Unoptimised\installhardwareevent.obj
         Unoptimised\interface.obj
         Unoptimised\interfacescreen.obj
         Unoptimised\iplookup.obj
         Unoptimised\ipprobe.obj
         Unoptimised\irc_interface.obj
         Unoptimised\keyboardinterface.obj
         Unoptimised\lan_interface.obj
         Unoptimised\lancomputer.obj
         Unoptimised\lanforce.obj
         Unoptimised\langenerator.obj
         Unoptimised\lanmonitor.obj
         Unoptimised\lanprobe.obj
         Unoptimised\lanscan.obj
         Unoptimised\lanspoof.obj
         Unoptimised\linksscreen.obj
         Unoptimised\linksscreen_interface.obj
         Unoptimised\loading_interface.obj
         Unoptimised\loansscreen_interface.obj
         Unoptimised\localinterface.obj
         Unoptimised\localinterfacescreen.obj
         Unoptimised\logbank.obj
         Unoptimised\logdeleter.obj
         Unoptimised\login_interface.obj
         Unoptimised\logmodifier.obj
         Unoptimised\logscreen.obj
         Unoptimised\logscreen_interface.obj
         Unoptimised\logundeleter.obj
         Unoptimised\mainmenu.obj
         Unoptimised\mainmenuscreen.obj
         Unoptimised\memory_interface.obj
         Unoptimised\menuscreen.obj
         Unoptimised\menuscreen_interface.obj
         Unoptimised\message.obj
         Unoptimised\messagescreen.obj
         Unoptimised\messagescreen_interface.obj
         Unoptimised\MiniVersion.obj
         Unoptimised\miscutils.obj
         Unoptimised\mission.obj
         Unoptimised\mission_interface.obj
         Unoptimised\missiongenerator.obj
         Unoptimised\motionsensor.obj
         Unoptimised\namegenerator.obj
         Unoptimised\nearestgatewayscreen_interface.obj
         Unoptimised\network.obj
         Unoptimised\networkclient.obj
         Unoptimised\networkoptions_interface.obj
         Unoptimised\networkscreen.obj
         Unoptimised\networkserver.obj
         Unoptimised\news.obj
         Unoptimised\newsgenerator.obj
         Unoptimised\newsscreen_interface.obj
         Unoptimised\notificationevent.obj
         Unoptimised\nuclearwarscreen_interface.obj
         Unoptimised\numbergenerator.obj
         Unoptimised\obituary_interface.obj
         Unoptimised\opengl.obj
         Unoptimised\opengl_interface.obj
         Unoptimised\options.obj
         Unoptimised\options_interface.obj
         Unoptimised\passwordbreaker.obj
         Unoptimised\passwordscreen.obj
         Unoptimised\passwordscreen_interface.obj
         Unoptimised\person.obj
         Unoptimised\phonedialler.obj
         Unoptimised\player.obj
         Unoptimised\plotgenerator.obj
         Unoptimised\probability.obj
         Unoptimised\protovisionscreen_interface.obj
         Unoptimised\proxydisable.obj
         Unoptimised\radiotransmitterscreen_interface.obj
         Unoptimised\rankingscreen_interface.obj
         Unoptimised\rating.obj
         Unoptimised\recordbank.obj
         Unoptimised\recordgenerator.obj
         Unoptimised\recordscreen_interface.obj
         Unoptimised\remoteinterface.obj
         Unoptimised\remoteinterfacescreen.obj
         Unoptimised\resizex.obj
         Unoptimised\revelation.obj
         Unoptimised\revelationlost_interface.obj
         Unoptimised\revelationtracker.obj
         Unoptimised\revelationwon_interface.obj
         Unoptimised\runplotsceneevent.obj
         Unoptimised\sale.obj
         Unoptimised\scriptlibrary.obj
         Unoptimised\scrollbox.obj
         Unoptimised\security.obj
         Unoptimised\securitybypass.obj
         Unoptimised\securitymonitor.obj
         Unoptimised\securityscreen_interface.obj
         Unoptimised\securitysystem.obj
         Unoptimised\seizegatewayevent.obj
         Unoptimised\sendmail_interface.obj
         Unoptimised\serialise.obj
         Unoptimised\shareslistscreen.obj
         Unoptimised\shareslistscreen_interface.obj
         Unoptimised\sharesviewscreen_interface.obj
         Unoptimised\shotbyfedsevent.obj
         Unoptimised\socialsecurityscreen_interface.obj
         Unoptimised\status_interface.obj
         Unoptimised\stdafx.obj
         Unoptimised\sw_interface.obj
         Unoptimised\swsalesscreen_interface.obj
         Unoptimised\taskmanager.obj
         Unoptimised\template_interface.obj
         Unoptimised\theme_interface.obj
         Unoptimised\theteam_interface.obj
         Unoptimised\tracetracker.obj
         Unoptimised\tutorial.obj
         Unoptimised\uplink.obj
         Unoptimised\uplinkagentlist.obj
         Unoptimised\uplinkevent.obj
         Unoptimised\uplinkobject.obj
         Unoptimised\uplinktask.obj
         Unoptimised\useridscreen.obj
         Unoptimised\useridscreen_interface.obj
         Unoptimised\version.obj
         Unoptimised\view.obj
         Unoptimised\vlocation.obj
         Unoptimised\voiceanalyser.obj
         Unoptimised\voiceanalysisscreen_interface.obj
         Unoptimised\voicephonescreen_interface.obj
         Unoptimised\warezgameover_interface.obj
         Unoptimised\warningevent.obj
         Unoptimised\world.obj
         Unoptimised\worldgenerator.obj
         Unoptimised\worldmap_interface.obj
         Unoptimised\worldmap_layout.obj
         "C:\Uplink Dev CD\contrib\bin\IRCLib.lib"
         "C:\Uplink Dev CD\lib\bin\mmgr.lib"
         "C:\Uplink Dev CD\lib\bin\Bungle.lib"
         "C:\Uplink Dev CD\lib\bin\Eclipse.lib"
         "C:\Uplink Dev CD\lib\bin\Gucci.lib"
         "C:\Uplink Dev CD\lib\bin\Redshirt.lib"
         "C:\Uplink Dev CD\lib\bin\Soundgarden.lib"
         "C:\Uplink Dev CD\lib\tosser\Unoptimised\Tosser.lib"
         "C:\Uplink Dev CD\lib\bin\Vanbakel.lib"
     1>LINK : warning LNK4075: ignoring '/INCREMENTAL' due to '/OPT:ICF' specification
     1>freetype.lib(freetype.obj) : warning LNK4099: PDB 'vc60.pdb' was not found with 'freetype.lib(freetype.obj)' or at 'C:\Uplink Dev CD\uplink\bin\vc60.pdb'; linking object as if no debug info
       Manifest:
         C:\Program Files (x86)\Microsoft SDKs\Windows\v7.0A\bin\mt.exe /nologo /verbose /out:"Unoptimised\Uplink.exe.embed.manifest" /manifest Unoptimised\Uplink.exe.intermediate.manifest
         All outputs are up-to-date.
       LinkEmbedManifest:
         All outputs are up-to-date.
         Uplink.vcxproj -> C:\Uplink Dev CD\uplink\src\..\bin\Uplink.exe
       FinalizeBuildStatus:
         Deleting file "Unoptimised\Uplink.unsuccessfulbuild".
         Touching "Unoptimised\Uplink.lastbuildstate".
     1>Done Building Project "C:\Uplink Dev CD\uplink\src\Uplink.vcxproj" (build target(s)).

Build succeeded.

Time Elapsed 00:00:04.54
