Build started 8/14/2013 5:40:21 PM.
     1>Project "C:\Users\ben\Documents\sourcecode\benpowerman uplink visual studio 2012 unmodify\uplink\src\Uplink.vcxproj" on node 2 (Build target(s)).
     1>Link:
         C:\Program Files (x86)\Microsoft Visual Studio 11.0\VC\bin\link.exe /ERRORREPORT:PROMPT /OUT:"..\bin\Uplink.exe" /INCREMENTAL /NOLOGO /LIBPATH:..\..\lib\bin /LIBPATH:..\..\contrib\bin /LIBPATH:..\..\contrib\tcp4u.331\tcp4w32 /LIBPATH:"..\..\contrib\tiff-3.7.2\libtiff" /LIBPATH:"..\..\contrib\gltt-2.5" /LIBPATH:"..\..\contrib\freetype-1.3.1" /LIBPATH:"..\..\contrib\SDL-1.2.11_dev\VisualC\SDL\Release" /LIBPATH:"..\..\contrib\SDL_mixer-1.2.7_patched\VisualC\Release" /FORCE:MULTIPLE bungle.lib eclipse.lib gucci.lib redshirt.lib soundgarden.lib vanbakel.lib irclib.lib sdl.lib SDL_mixer.lib tcp4w32.lib libtiff.lib gltt.lib freetype.lib dbghelp.lib opengl32.lib glu32.lib winmm.lib kernel32.lib user32.lib gdi32.lib winspool.lib comdlg32.lib advapi32.lib shell32.lib ole32.lib oleaut32.lib uuid.lib odbc32.lib odbccp32.lib /NODEFAULTLIB:libcd.lib /NODEFAULTLIB:libc.lib /NODEFAULTLIB:libcmt.lib /MANIFEST /MANIFESTUAC:"level='asInvoker' uiAccess='false'" /manifest:embed /DEBUG /PDB:"..\bin\Uplink.pdb" /SUBSYSTEM:WINDOWS /TLBID:1 /DYNAMICBASE /NXCOMPAT /IMPLIB:"..\bin\Uplink.lib" /MACHINE:X86 /SAFESEH /SAFESEH:NO Debug\resources.res
         Debug\academicscreen_interface.obj
         Debug\accountscreen_interface.obj
         Debug\agent.obj
         Debug\analyser_interface.obj
         Debug\app.obj
         Debug\arrestevent.obj
         Debug\attemptmissionevent.obj
         Debug\bankaccount.obj
         Debug\bankcomputer.obj
         Debug\bankrobberyevent.obj
         Debug\bbsscreen.obj
         Debug\bbsscreen_interface.obj
         Debug\binreloc.obj
         Debug\changegatewayevent.obj
         Debug\changegatewayscreen_interface.obj
         Debug\cheat_interface.obj
         Debug\clientcommsinterface.obj
         Debug\clientconnection.obj
         Debug\clientstatusinterface.obj
         Debug\closing_interface.obj
         Debug\codecardscreen_interface.obj
         Debug\company.obj
         Debug\companyinfoscreen_interface.obj
         Debug\companyuplink.obj
         Debug\computer.obj
         Debug\computerscreen.obj
         Debug\connection.obj
         Debug\connectionlost_interface.obj
         Debug\consequencegenerator.obj
         Debug\consolescreen_interface.obj
         Debug\contactscreen_interface.obj
         Debug\criminalscreen_interface.obj
         Debug\cypherscreen.obj
         Debug\cypherscreen_interface.obj
         Debug\data.obj
         Debug\databank.obj
         Debug\date.obj
         Debug\decode.obj
         Debug\decrypter.obj
         Debug\decypher.obj
         Debug\defrag.obj
         Debug\demogameover_interface.obj
         Debug\demoplotgenerator.obj
         Debug\dialogscreen.obj
         Debug\dialogscreen_interface.obj
         Debug\dictionaryhacker.obj
         Debug\disavowed_interface.obj
         Debug\disconnectedscreen.obj
         Debug\disconnectedscreen_interface.obj
         Debug\dos2unix.obj
         Debug\email_interface.obj
         Debug\eventscheduler.obj
         Debug\evtqueue_interface.obj
         Debug\ExceptionHandler.obj
         Debug\faith.obj
         Debug\faithscreen_interface.obj
         Debug\filecopier.obj
         Debug\filedeleter.obj
         Debug\fileserverscreen_interface.obj
         Debug\finance_interface.obj
         Debug\firewalldisable.obj
         Debug\firsttimeloading_interface.obj
         Debug\fps.obj
         Debug\game.obj
         Debug\gameobituary.obj
         Debug\gateway.obj
         Debug\gateway_interface.obj
         Debug\gatewaydef.obj
         Debug\gatewaynuke.obj
         Debug\genericoptions_interface.obj
         Debug\genericscreen.obj
         Debug\GetWinVer.obj
         Debug\graphicoptions_interface.obj
         Debug\highsecurityscreen.obj
         Debug\highsecurityscreen_interface.obj
         Debug\hud_interface.obj
         Debug\hw_interface.obj
         Debug\hwsalesscreen_interface.obj
         Debug\installhardwareevent.obj
         Debug\interface.obj
         Debug\interfacescreen.obj
         Debug\iplookup.obj
         Debug\ipprobe.obj
         Debug\irc_interface.obj
         Debug\keyboardinterface.obj
         Debug\lan_interface.obj
         Debug\lancomputer.obj
         Debug\lanforce.obj
         Debug\langenerator.obj
         Debug\lanmonitor.obj
         Debug\lanprobe.obj
         Debug\lanscan.obj
         Debug\lanspoof.obj
         Debug\linksscreen.obj
         Debug\linksscreen_interface.obj
         Debug\loading_interface.obj
         Debug\loansscreen_interface.obj
         Debug\localinterface.obj
         Debug\localinterfacescreen.obj
         Debug\logbank.obj
         Debug\logdeleter.obj
         Debug\login_interface.obj
         Debug\logmodifier.obj
         Debug\logscreen.obj
         Debug\logscreen_interface.obj
         Debug\logundeleter.obj
         Debug\mainmenu.obj
         Debug\mainmenuscreen.obj
         Debug\memory_interface.obj
         Debug\menuscreen.obj
         Debug\menuscreen_interface.obj
         Debug\message.obj
         Debug\messagescreen.obj
         Debug\messagescreen_interface.obj
         Debug\MiniVersion.obj
         Debug\miscutils.obj
         Debug\mission.obj
         Debug\mission_interface.obj
         Debug\missiongenerator.obj
         Debug\motionsensor.obj
         Debug\namegenerator.obj
         Debug\nearestgatewayscreen_interface.obj
         Debug\network.obj
         Debug\networkclient.obj
         Debug\networkoptions_interface.obj
         Debug\networkscreen.obj
         Debug\networkserver.obj
         Debug\news.obj
         Debug\newsgenerator.obj
         Debug\newsscreen_interface.obj
         Debug\notificationevent.obj
         Debug\nuclearwarscreen_interface.obj
         Debug\numbergenerator.obj
         Debug\obituary_interface.obj
         Debug\opengl.obj
         Debug\opengl_interface.obj
         Debug\options.obj
         Debug\options_interface.obj
         Debug\passwordbreaker.obj
         Debug\passwordscreen.obj
         Debug\passwordscreen_interface.obj
         Debug\person.obj
         Debug\phonedialler.obj
         Debug\player.obj
         Debug\plotgenerator.obj
         Debug\probability.obj
         Debug\protovisionscreen_interface.obj
         Debug\proxydisable.obj
         Debug\radiotransmitterscreen_interface.obj
         Debug\rankingscreen_interface.obj
         Debug\rating.obj
         Debug\recordbank.obj
         Debug\recordgenerator.obj
         Debug\recordscreen_interface.obj
         Debug\remoteinterface.obj
         Debug\remoteinterfacescreen.obj
         Debug\resizex.obj
         Debug\revelation.obj
         Debug\revelationlost_interface.obj
         Debug\revelationtracker.obj
         Debug\revelationwon_interface.obj
         Debug\runplotsceneevent.obj
         Debug\sale.obj
         Debug\scriptlibrary.obj
         Debug\scrollbox.obj
         Debug\security.obj
         Debug\securitybypass.obj
         Debug\securitymonitor.obj
         Debug\securityscreen_interface.obj
         Debug\securitysystem.obj
         Debug\seizegatewayevent.obj
         Debug\sendmail_interface.obj
         Debug\serialise.obj
         Debug\shareslistscreen.obj
         Debug\shareslistscreen_interface.obj
         Debug\sharesviewscreen_interface.obj
         Debug\shotbyfedsevent.obj
         Debug\socialsecurityscreen_interface.obj
         Debug\status_interface.obj
         Debug\stdafx.obj
         Debug\sw_interface.obj
         Debug\swsalesscreen_interface.obj
         Debug\taskmanager.obj
         Debug\template_interface.obj
         Debug\theme_interface.obj
         Debug\theteam_interface.obj
         Debug\tracetracker.obj
         Debug\tutorial.obj
         Debug\uplink.obj
         Debug\uplinkagentlist.obj
         Debug\uplinkevent.obj
         Debug\uplinkobject.obj
         Debug\uplinktask.obj
         Debug\useridscreen.obj
         Debug\useridscreen_interface.obj
         Debug\version.obj
         Debug\view.obj
         Debug\vlocation.obj
         Debug\voiceanalyser.obj
         Debug\voiceanalysisscreen_interface.obj
         Debug\voicephonescreen_interface.obj
         Debug\warezgameover_interface.obj
         Debug\warningevent.obj
         Debug\world.obj
         Debug\worldgenerator.obj
         Debug\worldmap_interface.obj
         Debug\worldmap_layout.obj
         "C:\Users\ben\Documents\sourcecode\benpowerman uplink visual studio 2012 unmodify\contrib\irclib\Debug\CrossThreadsMessagingDevice.obj"
         "C:\Users\ben\Documents\sourcecode\benpowerman uplink visual studio 2012 unmodify\contrib\irclib\Debug\irc.obj"
         "C:\Users\ben\Documents\sourcecode\benpowerman uplink visual studio 2012 unmodify\contrib\irclib\Debug\missing.obj"
         "C:\Users\ben\Documents\sourcecode\benpowerman uplink visual studio 2012 unmodify\contrib\irclib\Debug\socket.obj"
         "C:\Users\ben\Documents\sourcecode\benpowerman uplink visual studio 2012 unmodify\contrib\irclib\Debug\test.obj"
         "C:\Users\ben\Documents\sourcecode\benpowerman uplink visual studio 2012 unmodify\contrib\irclib\Debug\windows.obj"
         "C:\Users\ben\Documents\sourcecode\benpowerman uplink visual studio 2012 unmodify\contrib\irclib\Debug\winsock.obj"
         "C:\Users\ben\Documents\sourcecode\benpowerman uplink visual studio 2012 unmodify\lib\bungle\Debug\bungle.obj"
         "C:\Users\ben\Documents\sourcecode\benpowerman uplink visual studio 2012 unmodify\lib\eclipse\Debug\animation.obj"
         "C:\Users\ben\Documents\sourcecode\benpowerman uplink visual studio 2012 unmodify\lib\eclipse\Debug\button.obj"
         "C:\Users\ben\Documents\sourcecode\benpowerman uplink visual studio 2012 unmodify\lib\eclipse\Debug\eclipse.obj"
         "C:\Users\ben\Documents\sourcecode\benpowerman uplink visual studio 2012 unmodify\lib\gucci\Debug\gucci.obj"
         "C:\Users\ben\Documents\sourcecode\benpowerman uplink visual studio 2012 unmodify\lib\gucci\Debug\gucci_glut.obj"
         "C:\Users\ben\Documents\sourcecode\benpowerman uplink visual studio 2012 unmodify\lib\gucci\Debug\gucci_sdl.obj"
         "C:\Users\ben\Documents\sourcecode\benpowerman uplink visual studio 2012 unmodify\lib\gucci\Debug\image.obj"
         "C:\Users\ben\Documents\sourcecode\benpowerman uplink visual studio 2012 unmodify\lib\gucci\Debug\resize_unix.obj"
         "C:\Users\ben\Documents\sourcecode\benpowerman uplink visual studio 2012 unmodify\lib\gucci\Debug\resize_win32.obj"
         "C:\Users\ben\Documents\sourcecode\benpowerman uplink visual studio 2012 unmodify\lib\mmgr\Debug\mmgr.obj"
         "C:\Users\ben\Documents\sourcecode\benpowerman uplink visual studio 2012 unmodify\lib\redshirt\Debug\hash.obj"
         "C:\Users\ben\Documents\sourcecode\benpowerman uplink visual studio 2012 unmodify\lib\redshirt\Debug\redshirt.obj"
         "C:\Users\ben\Documents\sourcecode\benpowerman uplink visual studio 2012 unmodify\contrib\unrar\Debug\archive.obj"
         "C:\Users\ben\Documents\sourcecode\benpowerman uplink visual studio 2012 unmodify\contrib\unrar\Debug\arcread.obj"
         "C:\Users\ben\Documents\sourcecode\benpowerman uplink visual studio 2012 unmodify\contrib\unrar\Debug\cmddata.obj"
         "C:\Users\ben\Documents\sourcecode\benpowerman uplink visual studio 2012 unmodify\contrib\unrar\Debug\consio.obj"
         "C:\Users\ben\Documents\sourcecode\benpowerman uplink visual studio 2012 unmodify\contrib\unrar\Debug\crc.obj"
         "C:\Users\ben\Documents\sourcecode\benpowerman uplink visual studio 2012 unmodify\contrib\unrar\Debug\crypt.obj"
         "C:\Users\ben\Documents\sourcecode\benpowerman uplink visual studio 2012 unmodify\contrib\unrar\Debug\encname.obj"
         "C:\Users\ben\Documents\sourcecode\benpowerman uplink visual studio 2012 unmodify\contrib\unrar\Debug\errhnd.obj"
         "C:\Users\ben\Documents\sourcecode\benpowerman uplink visual studio 2012 unmodify\contrib\unrar\Debug\extinfo.obj"
         "C:\Users\ben\Documents\sourcecode\benpowerman uplink visual studio 2012 unmodify\contrib\unrar\Debug\extract.obj"
         "C:\Users\ben\Documents\sourcecode\benpowerman uplink visual studio 2012 unmodify\contrib\unrar\Debug\filcreat.obj"
         "C:\Users\ben\Documents\sourcecode\benpowerman uplink visual studio 2012 unmodify\contrib\unrar\Debug\file.obj"
         "C:\Users\ben\Documents\sourcecode\benpowerman uplink visual studio 2012 unmodify\contrib\unrar\Debug\filefn.obj"
         "C:\Users\ben\Documents\sourcecode\benpowerman uplink visual studio 2012 unmodify\contrib\unrar\Debug\filestr.obj"
         "C:\Users\ben\Documents\sourcecode\benpowerman uplink visual studio 2012 unmodify\contrib\unrar\Debug\find.obj"
         "C:\Users\ben\Documents\sourcecode\benpowerman uplink visual studio 2012 unmodify\contrib\unrar\Debug\getbits.obj"
         "C:\Users\ben\Documents\sourcecode\benpowerman uplink visual studio 2012 unmodify\contrib\unrar\Debug\global.obj"
         "C:\Users\ben\Documents\sourcecode\benpowerman uplink visual studio 2012 unmodify\contrib\unrar\Debug\int64.obj"
         "C:\Users\ben\Documents\sourcecode\benpowerman uplink visual studio 2012 unmodify\contrib\unrar\Debug\isnt.obj"
         "C:\Users\ben\Documents\sourcecode\benpowerman uplink visual studio 2012 unmodify\contrib\unrar\Debug\list.obj"
         "C:\Users\ben\Documents\sourcecode\benpowerman uplink visual studio 2012 unmodify\contrib\unrar\Debug\match.obj"
         "C:\Users\ben\Documents\sourcecode\benpowerman uplink visual studio 2012 unmodify\contrib\unrar\Debug\options.obj"
         "C:\Users\ben\Documents\sourcecode\benpowerman uplink visual studio 2012 unmodify\contrib\unrar\Debug\pathfn.obj"
         "C:\Users\ben\Documents\sourcecode\benpowerman uplink visual studio 2012 unmodify\contrib\unrar\Debug\rarbloat.obj"
         "C:\Users\ben\Documents\sourcecode\benpowerman uplink visual studio 2012 unmodify\contrib\unrar\Debug\rarresource.obj"
         "C:\Users\ben\Documents\sourcecode\benpowerman uplink visual studio 2012 unmodify\contrib\unrar\Debug\rarvm.obj"
         "C:\Users\ben\Documents\sourcecode\benpowerman uplink visual studio 2012 unmodify\contrib\unrar\Debug\rarvmtbl.obj"
         "C:\Users\ben\Documents\sourcecode\benpowerman uplink visual studio 2012 unmodify\contrib\unrar\Debug\rawread.obj"
         "C:\Users\ben\Documents\sourcecode\benpowerman uplink visual studio 2012 unmodify\contrib\unrar\Debug\rdwrfn.obj"
         "C:\Users\ben\Documents\sourcecode\benpowerman uplink visual studio 2012 unmodify\contrib\unrar\Debug\recvol.obj"
         "C:\Users\ben\Documents\sourcecode\benpowerman uplink visual studio 2012 unmodify\contrib\unrar\Debug\rijndael.obj"
         "C:\Users\ben\Documents\sourcecode\benpowerman uplink visual studio 2012 unmodify\contrib\unrar\Debug\rs.obj"
         "C:\Users\ben\Documents\sourcecode\benpowerman uplink visual studio 2012 unmodify\contrib\unrar\Debug\savepos.obj"
         "C:\Users\ben\Documents\sourcecode\benpowerman uplink visual studio 2012 unmodify\contrib\unrar\Debug\scantree.obj"
         "C:\Users\ben\Documents\sourcecode\benpowerman uplink visual studio 2012 unmodify\contrib\unrar\Debug\sha1.obj"
         "C:\Users\ben\Documents\sourcecode\benpowerman uplink visual studio 2012 unmodify\contrib\unrar\Debug\strfn.obj"
         "C:\Users\ben\Documents\sourcecode\benpowerman uplink visual studio 2012 unmodify\contrib\unrar\Debug\strlist.obj"
         "C:\Users\ben\Documents\sourcecode\benpowerman uplink visual studio 2012 unmodify\contrib\unrar\Debug\system.obj"
         "C:\Users\ben\Documents\sourcecode\benpowerman uplink visual studio 2012 unmodify\contrib\unrar\Debug\timefn.obj"
         "C:\Users\ben\Documents\sourcecode\benpowerman uplink visual studio 2012 unmodify\contrib\unrar\Debug\ulinks.obj"
         "C:\Users\ben\Documents\sourcecode\benpowerman uplink visual studio 2012 unmodify\contrib\unrar\Debug\unicode.obj"
         "C:\Users\ben\Documents\sourcecode\benpowerman uplink visual studio 2012 unmodify\contrib\unrar\Debug\unpack.obj"
         "C:\Users\ben\Documents\sourcecode\benpowerman uplink visual studio 2012 unmodify\contrib\unrar\Debug\unrar.obj"
         "C:\Users\ben\Documents\sourcecode\benpowerman uplink visual studio 2012 unmodify\contrib\unrar\Debug\volume.obj"
         "C:\Users\ben\Documents\sourcecode\benpowerman uplink visual studio 2012 unmodify\lib\soundgarden\Debug\sgplaylist.obj"
         "C:\Users\ben\Documents\sourcecode\benpowerman uplink visual studio 2012 unmodify\lib\soundgarden\Debug\soundgarden.obj"
         "C:\Users\ben\Documents\sourcecode\benpowerman uplink visual studio 2012 unmodify\lib\soundgarden\Debug\soundgarden_sdlmixer.obj"
         "C:\Users\ben\Documents\sourcecode\benpowerman uplink visual studio 2012 unmodify\lib\soundgarden\Debug\soundgarden_unix.obj"
         "C:\Users\ben\Documents\sourcecode\benpowerman uplink visual studio 2012 unmodify\lib\soundgarden\Debug\soundgarden_win32.obj"
         "C:\Users\ben\Documents\sourcecode\benpowerman uplink visual studio 2012 unmodify\lib\tosser\Debug\btree.obj"
         "C:\Users\ben\Documents\sourcecode\benpowerman uplink visual studio 2012 unmodify\lib\tosser\Debug\darray.obj"
         "C:\Users\ben\Documents\sourcecode\benpowerman uplink visual studio 2012 unmodify\lib\tosser\Debug\llist.obj"
         "C:\Users\ben\Documents\sourcecode\benpowerman uplink visual studio 2012 unmodify\lib\vanbakel\Debug\interface.obj"
         "C:\Users\ben\Documents\sourcecode\benpowerman uplink visual studio 2012 unmodify\lib\vanbakel\Debug\task.obj"
         "C:\Users\ben\Documents\sourcecode\benpowerman uplink visual studio 2012 unmodify\lib\vanbakel\Debug\taskwrapper.obj"
         "C:\Users\ben\Documents\sourcecode\benpowerman uplink visual studio 2012 unmodify\lib\vanbakel\Debug\vanbakel.obj"
     1>LINK : warning LNK4075: ignoring '/INCREMENTAL' due to '/FORCE' specification
     1>academicscreen_interface.obj : warning LNK4075: ignoring '/EDITANDCONTINUE' due to '/OPT:LBR' specification
     1>test.obj : warning LNK4006: _main already defined in uplink.obj; second definition ignored
     1>rarbloat.obj : warning LNK4006: _main already defined in uplink.obj; second definition ignored
     1>..\bin\Uplink.exe : warning LNK4088: image being generated due to /FORCE option; image may not run
     1>freetype.lib(freetype.obj) : warning LNK4099: PDB 'vc60.pdb' was not found with 'freetype.lib(freetype.obj)' or at 'C:\Users\ben\Documents\sourcecode\benpowerman uplink visual studio 2012 unmodify\uplink\bin\vc60.pdb'; linking object as if no debug info
         Uplink.vcxproj -> C:\Users\ben\Documents\sourcecode\benpowerman uplink visual studio 2012 unmodify\uplink\src\..\bin\Uplink.exe
     1>Done Building Project "C:\Users\ben\Documents\sourcecode\benpowerman uplink visual studio 2012 unmodify\uplink\src\Uplink.vcxproj" (Build target(s)).

Build succeeded.

Time Elapsed 00:00:06.12
