This file contains any messages produced by compilers while
running configure, to aid debugging if configure makes a mistake.

It was created by configure, which was
generated by GNU Autoconf 2.69.  Invocation command line was

  $ ./configure 

## --------- ##
## Platform. ##
## --------- ##

hostname = telaviv1.shlomifish.org
uname -m = x86_64
uname -r = 3.7.0-0.rc6.1.mga3
uname -s = Linux
uname -v = #1 SMP Sat Nov 17 16:30:40 UTC 2012

/usr/bin/uname -p = x86_64
/bin/uname -X     = unknown

/bin/arch              = x86_64
/usr/bin/arch -k       = unknown
/usr/convex/getsysinfo = unknown
/usr/bin/hostinfo      = unknown
/bin/machine           = unknown
/usr/bin/oslevel       = unknown
/bin/universe          = unknown

PATH: /home/shlomif/apps/perl/modules/local/bin
PATH: /home/shlomif/apps/perl/modules/bin
PATH: /home/shlomif/apps/latemp/bin
PATH: /home/shlomif/apps/quadpres/bin
PATH: /home/shlomif/apps/wml/bin
PATH: /home/shlomif/bin
PATH: /home/shlomif/bin
PATH: .
PATH: /opt/firefox/18.0a2/firefox
PATH: /usr/local/bin
PATH: /bin
PATH: /usr/bin
PATH: /usr/games
PATH: /usr/lib64/qt4/bin


## ----------- ##
## Core tests. ##
## ----------- ##

configure:2366: checking for a BSD-compatible install
configure:2434: result: /bin/install -c
configure:2445: checking whether build environment is sane
configure:2500: result: yes
configure:2538: WARNING: 'missing' script is too old or missing
configure:2651: checking for a thread-safe mkdir -p
configure:2690: result: /bin/mkdir -p
configure:2697: checking for gawk
configure:2713: found /bin/gawk
configure:2724: result: gawk
configure:2735: checking whether make sets $(MAKE)
configure:2757: result: yes
configure:2847: checking whether to enable maintainer-specific portions of Makefiles
configure:2856: result: no
configure:3086: checking for gcc
configure:3102: found /bin/gcc
configure:3113: result: gcc
configure:3342: checking for C compiler version
configure:3351: gcc --version >&5
gcc (GCC) 4.7.2
Copyright (C) 2012 Free Software Foundation, Inc.
This is free software; see the source for copying conditions.  There is NO
warranty; not even for MERCHANTABILITY or FITNESS FOR A PARTICULAR PURPOSE.

configure:3362: $? = 0
configure:3351: gcc -v >&5
Using built-in specs.
COLLECT_GCC=gcc
COLLECT_LTO_WRAPPER=/usr/lib/gcc/x86_64-mageia-linux-gnu/4.7.2/lto-wrapper
Target: x86_64-mageia-linux-gnu
Configured with: ../configure --prefix=/usr --libexecdir=/usr/lib --with-slibdir=/lib64 --with-bugurl=http://bugs.mageia.org/ --mandir=/usr/share/man --infodir=/usr/share/info --enable-checking=release --enable-languages=c,c++,ada,fortran,objc,obj-c++,java --enable-linker-build-id --build=x86_64-mageia-linux-gnu --host=x86_64-mageia-linux-gnu --with-cpu=generic --with-system-zlib --enable-threads=posix --enable-shared --enable-objc-gc --enable-long-long --enable-__cxa_atexit --disable-libunwind-exceptions --enable-clocale=gnu --enable-java-awt=gtk --with-java-home=/usr/lib/jvm/java-1.5.0-gcj-1.5.0.0/jre --with-ecj-jar=/usr/share/java/eclipse-ecj.jar --enable-gtk-cairo --disable-libjava-multilib --enable-ssp --disable-libssp --disable-werror --with-ppl --with-cloog --with-python-dir=/lib/python2.7/site-packages --enable-lto
Thread model: posix
gcc version 4.7.2 (GCC) 
configure:3362: $? = 0
configure:3351: gcc -V >&5
gcc: error: unrecognized command line option '-V'
gcc: fatal error: no input files
compilation terminated.
configure:3362: $? = 1
configure:3351: gcc -qversion >&5
gcc: error: unrecognized command line option '-qversion'
gcc: fatal error: no input files
compilation terminated.
configure:3362: $? = 1
configure:3382: checking whether the C compiler works
configure:3404: gcc    conftest.c  >&5
configure:3408: $? = 0
configure:3456: result: yes
configure:3459: checking for C compiler default output file name
configure:3461: result: a.out
configure:3467: checking for suffix of executables
configure:3474: gcc -o conftest    conftest.c  >&5
configure:3478: $? = 0
configure:3500: result: 
configure:3522: checking whether we are cross compiling
configure:3530: gcc -o conftest    conftest.c  >&5
configure:3534: $? = 0
configure:3541: ./conftest
configure:3545: $? = 0
configure:3560: result: no
configure:3565: checking for suffix of object files
configure:3587: gcc -c   conftest.c >&5
configure:3591: $? = 0
configure:3612: result: o
configure:3616: checking whether we are using the GNU C compiler
configure:3635: gcc -c   conftest.c >&5
configure:3635: $? = 0
configure:3644: result: yes
configure:3653: checking whether gcc accepts -g
configure:3673: gcc -c -g  conftest.c >&5
configure:3673: $? = 0
configure:3714: result: yes
configure:3731: checking for gcc option to accept ISO C89
configure:3794: gcc  -c -g -O2  conftest.c >&5
configure:3794: $? = 0
configure:3807: result: none needed
configure:3838: checking for style of include used by make
configure:3866: result: GNU
configure:3892: checking dependency style of gcc
configure:4003: result: none
configure:4019: checking whether ln -s works
configure:4023: result: yes
configure:4059: checking build system type
configure:4073: result: x86_64-unknown-linux-gnu
configure:4093: checking host system type
configure:4106: result: x86_64-unknown-linux-gnu
configure:4147: checking how to print strings
configure:4174: result: printf
configure:4195: checking for a sed that does not truncate output
configure:4259: result: /bin/sed
configure:4277: checking for grep that handles long lines and -e
configure:4335: result: /bin/grep
configure:4340: checking for egrep
configure:4402: result: /bin/grep -E
configure:4407: checking for fgrep
configure:4469: result: /bin/grep -F
configure:4504: checking for ld used by gcc
configure:4571: result: /bin/ld
configure:4578: checking if the linker (/bin/ld) is GNU ld
configure:4593: result: yes
configure:4605: checking for BSD- or MS-compatible name lister (nm)
configure:4654: result: /bin/nm -B
configure:4784: checking the name lister (/bin/nm -B) interface
configure:4791: gcc -c -g -O2  conftest.c >&5
configure:4794: /bin/nm -B "conftest.o"
configure:4797: output
0000000000000000 B some_variable
configure:4804: result: BSD nm
configure:4808: checking the maximum length of command line arguments
configure:4938: result: 1572864
configure:4955: checking whether the shell understands some XSI constructs
configure:4965: result: yes
configure:4969: checking whether the shell understands "+="
configure:4975: result: yes
configure:5010: checking how to convert x86_64-unknown-linux-gnu file names to x86_64-unknown-linux-gnu format
configure:5050: result: func_convert_file_noop
configure:5057: checking how to convert x86_64-unknown-linux-gnu file names to toolchain format
configure:5077: result: func_convert_file_noop
configure:5084: checking for /bin/ld option to reload object files
configure:5091: result: -r
configure:5165: checking for objdump
configure:5181: found /bin/objdump
configure:5192: result: objdump
configure:5224: checking how to recognize dependent libraries
configure:5426: result: pass_all
configure:5511: checking for dlltool
configure:5541: result: no
configure:5571: checking how to associate runtime and link libraries
configure:5598: result: printf %s\n
configure:5659: checking for ar
configure:5675: found /bin/ar
configure:5686: result: ar
configure:5723: checking for archiver @FILE support
configure:5740: gcc -c -g -O2  conftest.c >&5
configure:5740: $? = 0
configure:5743: ar cru libconftest.a @conftest.lst >&5
configure:5746: $? = 0
configure:5751: ar cru libconftest.a @conftest.lst >&5
ar: conftest.o: No such file or directory
configure:5754: $? = 1
configure:5766: result: @
configure:5824: checking for strip
configure:5840: found /bin/strip
configure:5851: result: strip
configure:5923: checking for ranlib
configure:5939: found /bin/ranlib
configure:5950: result: ranlib
configure:6052: checking command to parse /bin/nm -B output from gcc object
configure:6172: gcc -c -g -O2  conftest.c >&5
configure:6175: $? = 0
configure:6179: /bin/nm -B conftest.o \| sed -n -e 's/^.*[ ]\([ABCDGIRSTW][ABCDGIRSTW]*\)[ ][ ]*\([_A-Za-z][_A-Za-z0-9]*\)$/\1 \2 \2/p' | sed '/ __gnu_lto/d' \> conftest.nm
configure:6182: $? = 0
configure:6248: gcc -o conftest -g -O2   conftest.c conftstm.o >&5
configure:6251: $? = 0
configure:6289: result: ok
configure:6326: checking for sysroot
configure:6356: result: no
configure:6433: gcc -c -g -O2  conftest.c >&5
configure:6436: $? = 0
configure:6612: checking for mt
configure:6642: result: no
configure:6662: checking if : is a manifest tool
configure:6668: : '-?'
configure:6676: result: no
configure:7318: checking how to run the C preprocessor
configure:7349: gcc -E  conftest.c
configure:7349: $? = 0
configure:7363: gcc -E  conftest.c
conftest.c:11:28: fatal error: ac_nonexistent.h: No such file or directory
compilation terminated.
configure:7363: $? = 1
configure: failed program was:
| /* confdefs.h */
| #define PACKAGE_NAME ""
| #define PACKAGE_TARNAME ""
| #define PACKAGE_VERSION ""
| #define PACKAGE_STRING ""
| #define PACKAGE_BUGREPORT ""
| #define PACKAGE_URL ""
| #define PACKAGE "libmikmod"
| #define VERSION "3.2.0"
| /* end confdefs.h.  */
| #include <ac_nonexistent.h>
configure:7388: result: gcc -E
configure:7408: gcc -E  conftest.c
configure:7408: $? = 0
configure:7422: gcc -E  conftest.c
conftest.c:11:28: fatal error: ac_nonexistent.h: No such file or directory
compilation terminated.
configure:7422: $? = 1
configure: failed program was:
| /* confdefs.h */
| #define PACKAGE_NAME ""
| #define PACKAGE_TARNAME ""
| #define PACKAGE_VERSION ""
| #define PACKAGE_STRING ""
| #define PACKAGE_BUGREPORT ""
| #define PACKAGE_URL ""
| #define PACKAGE "libmikmod"
| #define VERSION "3.2.0"
| /* end confdefs.h.  */
| #include <ac_nonexistent.h>
configure:7451: checking for ANSI C header files
configure:7471: gcc -c -g -O2  conftest.c >&5
configure:7471: $? = 0
configure:7544: gcc -o conftest -g -O2   conftest.c  >&5
configure:7544: $? = 0
configure:7544: ./conftest
configure:7544: $? = 0
configure:7555: result: yes
configure:7568: checking for sys/types.h
configure:7568: gcc -c -g -O2  conftest.c >&5
configure:7568: $? = 0
configure:7568: result: yes
configure:7568: checking for sys/stat.h
configure:7568: gcc -c -g -O2  conftest.c >&5
configure:7568: $? = 0
configure:7568: result: yes
configure:7568: checking for stdlib.h
configure:7568: gcc -c -g -O2  conftest.c >&5
configure:7568: $? = 0
configure:7568: result: yes
configure:7568: checking for string.h
configure:7568: gcc -c -g -O2  conftest.c >&5
configure:7568: $? = 0
configure:7568: result: yes
configure:7568: checking for memory.h
configure:7568: gcc -c -g -O2  conftest.c >&5
configure:7568: $? = 0
configure:7568: result: yes
configure:7568: checking for strings.h
configure:7568: gcc -c -g -O2  conftest.c >&5
configure:7568: $? = 0
configure:7568: result: yes
configure:7568: checking for inttypes.h
configure:7568: gcc -c -g -O2  conftest.c >&5
configure:7568: $? = 0
configure:7568: result: yes
configure:7568: checking for stdint.h
configure:7568: gcc -c -g -O2  conftest.c >&5
configure:7568: $? = 0
configure:7568: result: yes
configure:7568: checking for unistd.h
configure:7568: gcc -c -g -O2  conftest.c >&5
configure:7568: $? = 0
configure:7568: result: yes
configure:7582: checking for dlfcn.h
configure:7582: gcc -c -g -O2  conftest.c >&5
configure:7582: $? = 0
configure:7582: result: yes
configure:7788: checking for objdir
configure:7803: result: .libs
configure:8074: checking if gcc supports -fno-rtti -fno-exceptions
configure:8092: gcc -c -g -O2  -fno-rtti -fno-exceptions conftest.c >&5
cc1: warning: command line option '-fno-rtti' is valid for C++/ObjC++ but not for C [enabled by default]
configure:8096: $? = 0
configure:8109: result: no
configure:8436: checking for gcc option to produce PIC
configure:8443: result: -fPIC -DPIC
configure:8451: checking if gcc PIC flag -fPIC -DPIC works
configure:8469: gcc -c -g -O2  -fPIC -DPIC -DPIC conftest.c >&5
configure:8473: $? = 0
configure:8486: result: yes
configure:8515: checking if gcc static flag -static works
configure:8543: result: yes
configure:8558: checking if gcc supports -c -o file.o
configure:8579: gcc -c -g -O2  -o out/conftest2.o conftest.c >&5
configure:8583: $? = 0
configure:8605: result: yes
configure:8613: checking if gcc supports -c -o file.o
configure:8660: result: yes
configure:8693: checking whether the gcc linker (/bin/ld -m elf_x86_64) supports shared libraries
configure:9847: result: yes
configure:9884: checking whether -lc should be explicitly linked in
configure:9892: gcc -c -g -O2  conftest.c >&5
configure:9895: $? = 0
configure:9910: gcc -shared  -fPIC -DPIC conftest.o  -v -Wl,-soname -Wl,conftest -o conftest 2\>\&1 \| /bin/grep  -lc  \>/dev/null 2\>\&1
configure:9913: $? = 0
configure:9927: result: no
configure:10087: checking dynamic linker characteristics
configure:10598: gcc -o conftest -g -O2   -Wl,-rpath -Wl,/foo conftest.c  >&5
configure:10598: $? = 0
configure:10622: gcc -c -g -O2  conftest.c >&5
configure:10625: $? = 0
configure:10842: result: GNU/Linux ld.so
configure:10949: checking how to hardcode library paths into programs
configure:10974: result: immediate
configure:11514: checking whether stripping libraries is possible
configure:11519: result: yes
configure:11554: checking if libtool supports shared libraries
configure:11556: result: yes
configure:11559: checking whether to build shared libraries
configure:11580: result: yes
configure:11583: checking whether to build static libraries
configure:11587: result: yes
configure:11624: checking whether make sets $(MAKE)
configure:11646: result: yes
configure:11656: checking for X
configure:11764: gcc -E  conftest.c
configure:11764: $? = 0
configure:11795: gcc -o conftest -g -O2   conftest.c -lX11  >&5
configure:11795: $? = 0
configure:11845: result: libraries , headers 
configure:11852: checking if makeinfo supports html output
configure:11864: result: no
configure:11886: checking for dlfcn.h
configure:11886: result: yes
configure:11898: checking for dlopen in -lc
configure:11923: gcc -o conftest -g -O2   conftest.c -lc   >&5
/home/shlomif/tmp/ccPX5ji9.o: In function `main':
/home/shlomif/progs/mikmod/hg/mikmod/libmikmod/conftest.c:35: undefined reference to `dlopen'
collect2: error: ld returned 1 exit status
configure:11923: $? = 1
configure: failed program was:
| /* confdefs.h */
| #define PACKAGE_NAME ""
| #define PACKAGE_TARNAME ""
| #define PACKAGE_VERSION ""
| #define PACKAGE_STRING ""
| #define PACKAGE_BUGREPORT ""
| #define PACKAGE_URL ""
| #define PACKAGE "libmikmod"
| #define VERSION "3.2.0"
| #define STDC_HEADERS 1
| #define HAVE_SYS_TYPES_H 1
| #define HAVE_SYS_STAT_H 1
| #define HAVE_STDLIB_H 1
| #define HAVE_STRING_H 1
| #define HAVE_MEMORY_H 1
| #define HAVE_STRINGS_H 1
| #define HAVE_INTTYPES_H 1
| #define HAVE_STDINT_H 1
| #define HAVE_UNISTD_H 1
| #define HAVE_DLFCN_H 1
| #define LT_OBJDIR ".libs/"
| #define HAVE_DLFCN_H 1
| /* end confdefs.h.  */
| 
| /* Override any GCC internal prototype to avoid an error.
|    Use char because int might match the return type of a GCC
|    builtin and then its argument prototype would still apply.  */
| #ifdef __cplusplus
| extern "C"
| #endif
| char dlopen ();
| int
| main ()
| {
| return dlopen ();
|   ;
|   return 0;
| }
configure:11932: result: no
configure:11937: checking for dlopen in -ldl
configure:11962: gcc -o conftest -g -O2   conftest.c -ldl   >&5
configure:11962: $? = 0
configure:11971: result: yes
configure:12049: checking wherever dynamically loaded symbols need underscores
configure:12085: gcc -o conftest -g -O2   conftest.c  -ldl >&5
conftest.c: In function 'main':
conftest.c:34:3: warning: incompatible implicit declaration of built-in function 'exit' [enabled by default]
configure:12085: $? = 0
configure:12085: ./conftest
configure:12085: $? = 1
configure: program exited with status 1
configure: failed program was:
| /* confdefs.h */
| #define PACKAGE_NAME ""
| #define PACKAGE_TARNAME ""
| #define PACKAGE_VERSION ""
| #define PACKAGE_STRING ""
| #define PACKAGE_BUGREPORT ""
| #define PACKAGE_URL ""
| #define PACKAGE "libmikmod"
| #define VERSION "3.2.0"
| #define STDC_HEADERS 1
| #define HAVE_SYS_TYPES_H 1
| #define HAVE_SYS_STAT_H 1
| #define HAVE_STDLIB_H 1
| #define HAVE_STRING_H 1
| #define HAVE_MEMORY_H 1
| #define HAVE_STRINGS_H 1
| #define HAVE_INTTYPES_H 1
| #define HAVE_STDINT_H 1
| #define HAVE_UNISTD_H 1
| #define HAVE_DLFCN_H 1
| #define LT_OBJDIR ".libs/"
| #define HAVE_DLFCN_H 1
| /* end confdefs.h.  */
| #include <dlfcn.h>
| #ifndef	RTLD_GLOBAL
| #define	RTLD_GLOBAL 0
| #endif
| 
| int main(void)
| {
| 	void *libc, *printfptr;
| 	libc = dlopen("libc.so", RTLD_LAZY | RTLD_GLOBAL);
| 	if (!libc)
| 		exit(1);
| 
| 	printfptr = dlsym(libc, "_printf");
| 	dlclose(libc);
| 	exit(!printfptr);
| }
configure:12103: result: no
configure:12117: checking if compiler recognizes -pthread
configure:12142: gcc -o conftest -g -O2 -pthread   conftest.c  >&5
configure:12142: $? = 0
configure:12159: result: yes
configure:12260: checking alsa/asoundlib.h usability
configure:12260: gcc -c -g -O2 -pthread  conftest.c >&5
configure:12260: $? = 0
configure:12260: result: yes
configure:12260: checking alsa/asoundlib.h presence
configure:12260: gcc -E  conftest.c
configure:12260: $? = 0
configure:12260: result: yes
configure:12260: checking for alsa/asoundlib.h
configure:12260: result: yes
configure:12272: checking for snd_pcm_open in -lasound
configure:12297: gcc -o conftest -g -O2 -pthread   conftest.c -lasound   >&5
configure:12297: $? = 0
configure:12306: result: yes
configure:12467: checking AF/AFlib.h usability
configure:12467: gcc -c -g -O2 -pthread  conftest.c >&5
conftest.c:58:22: fatal error: AF/AFlib.h: No such file or directory
compilation terminated.
configure:12467: $? = 1
configure: failed program was:
| /* confdefs.h */
| #define PACKAGE_NAME ""
| #define PACKAGE_TARNAME ""
| #define PACKAGE_VERSION ""
| #define PACKAGE_STRING ""
| #define PACKAGE_BUGREPORT ""
| #define PACKAGE_URL ""
| #define PACKAGE "libmikmod"
| #define VERSION "3.2.0"
| #define STDC_HEADERS 1
| #define HAVE_SYS_TYPES_H 1
| #define HAVE_SYS_STAT_H 1
| #define HAVE_STDLIB_H 1
| #define HAVE_STRING_H 1
| #define HAVE_MEMORY_H 1
| #define HAVE_STRINGS_H 1
| #define HAVE_INTTYPES_H 1
| #define HAVE_STDINT_H 1
| #define HAVE_UNISTD_H 1
| #define HAVE_DLFCN_H 1
| #define LT_OBJDIR ".libs/"
| #define HAVE_DLFCN_H 1
| #define HAVE_ALSA_ASOUNDLIB_H 1
| /* end confdefs.h.  */
| #include <stdio.h>
| #ifdef HAVE_SYS_TYPES_H
| # include <sys/types.h>
| #endif
| #ifdef HAVE_SYS_STAT_H
| # include <sys/stat.h>
| #endif
| #ifdef STDC_HEADERS
| # include <stdlib.h>
| # include <stddef.h>
| #else
| # ifdef HAVE_STDLIB_H
| #  include <stdlib.h>
| # endif
| #endif
| #ifdef HAVE_STRING_H
| # if !defined STDC_HEADERS && defined HAVE_MEMORY_H
| #  include <memory.h>
| # endif
| # include <string.h>
| #endif
| #ifdef HAVE_STRINGS_H
| # include <strings.h>
| #endif
| #ifdef HAVE_INTTYPES_H
| # include <inttypes.h>
| #endif
| #ifdef HAVE_STDINT_H
| # include <stdint.h>
| #endif
| #ifdef HAVE_UNISTD_H
| # include <unistd.h>
| #endif
| #include <AF/AFlib.h>
configure:12467: result: no
configure:12467: checking AF/AFlib.h presence
configure:12467: gcc -E  conftest.c
conftest.c:25:22: fatal error: AF/AFlib.h: No such file or directory
compilation terminated.
configure:12467: $? = 1
configure: failed program was:
| /* confdefs.h */
| #define PACKAGE_NAME ""
| #define PACKAGE_TARNAME ""
| #define PACKAGE_VERSION ""
| #define PACKAGE_STRING ""
| #define PACKAGE_BUGREPORT ""
| #define PACKAGE_URL ""
| #define PACKAGE "libmikmod"
| #define VERSION "3.2.0"
| #define STDC_HEADERS 1
| #define HAVE_SYS_TYPES_H 1
| #define HAVE_SYS_STAT_H 1
| #define HAVE_STDLIB_H 1
| #define HAVE_STRING_H 1
| #define HAVE_MEMORY_H 1
| #define HAVE_STRINGS_H 1
| #define HAVE_INTTYPES_H 1
| #define HAVE_STDINT_H 1
| #define HAVE_UNISTD_H 1
| #define HAVE_DLFCN_H 1
| #define LT_OBJDIR ".libs/"
| #define HAVE_DLFCN_H 1
| #define HAVE_ALSA_ASOUNDLIB_H 1
| /* end confdefs.h.  */
| #include <AF/AFlib.h>
configure:12467: result: no
configure:12467: checking for AF/AFlib.h
configure:12467: result: no
configure:12529: checking libgus.h usability
configure:12529: gcc -c -g -O2 -pthread  conftest.c >&5
conftest.c:58:20: fatal error: libgus.h: No such file or directory
compilation terminated.
configure:12529: $? = 1
configure: failed program was:
| /* confdefs.h */
| #define PACKAGE_NAME ""
| #define PACKAGE_TARNAME ""
| #define PACKAGE_VERSION ""
| #define PACKAGE_STRING ""
| #define PACKAGE_BUGREPORT ""
| #define PACKAGE_URL ""
| #define PACKAGE "libmikmod"
| #define VERSION "3.2.0"
| #define STDC_HEADERS 1
| #define HAVE_SYS_TYPES_H 1
| #define HAVE_SYS_STAT_H 1
| #define HAVE_STDLIB_H 1
| #define HAVE_STRING_H 1
| #define HAVE_MEMORY_H 1
| #define HAVE_STRINGS_H 1
| #define HAVE_INTTYPES_H 1
| #define HAVE_STDINT_H 1
| #define HAVE_UNISTD_H 1
| #define HAVE_DLFCN_H 1
| #define LT_OBJDIR ".libs/"
| #define HAVE_DLFCN_H 1
| #define HAVE_ALSA_ASOUNDLIB_H 1
| /* end confdefs.h.  */
| #include <stdio.h>
| #ifdef HAVE_SYS_TYPES_H
| # include <sys/types.h>
| #endif
| #ifdef HAVE_SYS_STAT_H
| # include <sys/stat.h>
| #endif
| #ifdef STDC_HEADERS
| # include <stdlib.h>
| # include <stddef.h>
| #else
| # ifdef HAVE_STDLIB_H
| #  include <stdlib.h>
| # endif
| #endif
| #ifdef HAVE_STRING_H
| # if !defined STDC_HEADERS && defined HAVE_MEMORY_H
| #  include <memory.h>
| # endif
| # include <string.h>
| #endif
| #ifdef HAVE_STRINGS_H
| # include <strings.h>
| #endif
| #ifdef HAVE_INTTYPES_H
| # include <inttypes.h>
| #endif
| #ifdef HAVE_STDINT_H
| # include <stdint.h>
| #endif
| #ifdef HAVE_UNISTD_H
| # include <unistd.h>
| #endif
| #include <libgus.h>
configure:12529: result: no
configure:12529: checking libgus.h presence
configure:12529: gcc -E  conftest.c
conftest.c:25:20: fatal error: libgus.h: No such file or directory
compilation terminated.
configure:12529: $? = 1
configure: failed program was:
| /* confdefs.h */
| #define PACKAGE_NAME ""
| #define PACKAGE_TARNAME ""
| #define PACKAGE_VERSION ""
| #define PACKAGE_STRING ""
| #define PACKAGE_BUGREPORT ""
| #define PACKAGE_URL ""
| #define PACKAGE "libmikmod"
| #define VERSION "3.2.0"
| #define STDC_HEADERS 1
| #define HAVE_SYS_TYPES_H 1
| #define HAVE_SYS_STAT_H 1
| #define HAVE_STDLIB_H 1
| #define HAVE_STRING_H 1
| #define HAVE_MEMORY_H 1
| #define HAVE_STRINGS_H 1
| #define HAVE_INTTYPES_H 1
| #define HAVE_STDINT_H 1
| #define HAVE_UNISTD_H 1
| #define HAVE_DLFCN_H 1
| #define LT_OBJDIR ".libs/"
| #define HAVE_DLFCN_H 1
| #define HAVE_ALSA_ASOUNDLIB_H 1
| /* end confdefs.h.  */
| #include <libgus.h>
configure:12529: result: no
configure:12529: checking for libgus.h
configure:12529: result: no
configure:12593: checking sys/sam9407.h usability
configure:12593: gcc -c -g -O2 -pthread  conftest.c >&5
conftest.c:58:25: fatal error: sys/sam9407.h: No such file or directory
compilation terminated.
configure:12593: $? = 1
configure: failed program was:
| /* confdefs.h */
| #define PACKAGE_NAME ""
| #define PACKAGE_TARNAME ""
| #define PACKAGE_VERSION ""
| #define PACKAGE_STRING ""
| #define PACKAGE_BUGREPORT ""
| #define PACKAGE_URL ""
| #define PACKAGE "libmikmod"
| #define VERSION "3.2.0"
| #define STDC_HEADERS 1
| #define HAVE_SYS_TYPES_H 1
| #define HAVE_SYS_STAT_H 1
| #define HAVE_STDLIB_H 1
| #define HAVE_STRING_H 1
| #define HAVE_MEMORY_H 1
| #define HAVE_STRINGS_H 1
| #define HAVE_INTTYPES_H 1
| #define HAVE_STDINT_H 1
| #define HAVE_UNISTD_H 1
| #define HAVE_DLFCN_H 1
| #define LT_OBJDIR ".libs/"
| #define HAVE_DLFCN_H 1
| #define HAVE_ALSA_ASOUNDLIB_H 1
| /* end confdefs.h.  */
| #include <stdio.h>
| #ifdef HAVE_SYS_TYPES_H
| # include <sys/types.h>
| #endif
| #ifdef HAVE_SYS_STAT_H
| # include <sys/stat.h>
| #endif
| #ifdef STDC_HEADERS
| # include <stdlib.h>
| # include <stddef.h>
| #else
| # ifdef HAVE_STDLIB_H
| #  include <stdlib.h>
| # endif
| #endif
| #ifdef HAVE_STRING_H
| # if !defined STDC_HEADERS && defined HAVE_MEMORY_H
| #  include <memory.h>
| # endif
| # include <string.h>
| #endif
| #ifdef HAVE_STRINGS_H
| # include <strings.h>
| #endif
| #ifdef HAVE_INTTYPES_H
| # include <inttypes.h>
| #endif
| #ifdef HAVE_STDINT_H
| # include <stdint.h>
| #endif
| #ifdef HAVE_UNISTD_H
| # include <unistd.h>
| #endif
| #include <sys/sam9407.h>
configure:12593: result: no
configure:12593: checking sys/sam9407.h presence
configure:12593: gcc -E  conftest.c
conftest.c:25:25: fatal error: sys/sam9407.h: No such file or directory
compilation terminated.
configure:12593: $? = 1
configure: failed program was:
| /* confdefs.h */
| #define PACKAGE_NAME ""
| #define PACKAGE_TARNAME ""
| #define PACKAGE_VERSION ""
| #define PACKAGE_STRING ""
| #define PACKAGE_BUGREPORT ""
| #define PACKAGE_URL ""
| #define PACKAGE "libmikmod"
| #define VERSION "3.2.0"
| #define STDC_HEADERS 1
| #define HAVE_SYS_TYPES_H 1
| #define HAVE_SYS_STAT_H 1
| #define HAVE_STDLIB_H 1
| #define HAVE_STRING_H 1
| #define HAVE_MEMORY_H 1
| #define HAVE_STRINGS_H 1
| #define HAVE_INTTYPES_H 1
| #define HAVE_STDINT_H 1
| #define HAVE_UNISTD_H 1
| #define HAVE_DLFCN_H 1
| #define LT_OBJDIR ".libs/"
| #define HAVE_DLFCN_H 1
| #define HAVE_ALSA_ASOUNDLIB_H 1
| /* end confdefs.h.  */
| #include <sys/sam9407.h>
configure:12593: result: no
configure:12593: checking for sys/sam9407.h
configure:12593: result: no
configure:12615: checking for ANSI C header files
configure:12719: result: yes
configure:12727: checking for sys/wait.h that is POSIX.1 compatible
configure:12753: gcc -c -g -O2 -pthread  conftest.c >&5
configure:12753: $? = 0
configure:12760: result: yes
configure:12771: checking fcntl.h usability
configure:12771: gcc -c -g -O2 -pthread  conftest.c >&5
configure:12771: $? = 0
configure:12771: result: yes
configure:12771: checking fcntl.h presence
configure:12771: gcc -E  conftest.c
configure:12771: $? = 0
configure:12771: result: yes
configure:12771: checking for fcntl.h
configure:12771: result: yes
configure:12771: checking malloc.h usability
configure:12771: gcc -c -g -O2 -pthread  conftest.c >&5
configure:12771: $? = 0
configure:12771: result: yes
configure:12771: checking malloc.h presence
configure:12771: gcc -E  conftest.c
configure:12771: $? = 0
configure:12771: result: yes
configure:12771: checking for malloc.h
configure:12771: result: yes
configure:12771: checking for memory.h
configure:12771: result: yes
configure:12771: checking for strings.h
configure:12771: result: yes
configure:12771: checking sys/ioctl.h usability
configure:12771: gcc -c -g -O2 -pthread  conftest.c >&5
configure:12771: $? = 0
configure:12771: result: yes
configure:12771: checking sys/ioctl.h presence
configure:12771: gcc -E  conftest.c
configure:12771: $? = 0
configure:12771: result: yes
configure:12771: checking for sys/ioctl.h
configure:12771: result: yes
configure:12771: checking for unistd.h
configure:12771: result: yes
configure:12787: checking whether gcc needs -traditional
configure:12821: result: no
configure:12828: checking for an ANSI C-conforming const
configure:12894: gcc -c -g -O2 -pthread  conftest.c >&5
configure:12894: $? = 0
configure:12901: result: yes
configure:12909: checking for pid_t
configure:12909: gcc -c -g -O2 -pthread  conftest.c >&5
configure:12909: $? = 0
configure:12909: gcc -c -g -O2 -pthread  conftest.c >&5
conftest.c: In function 'main':
conftest.c:69:20: error: expected expression before ')' token
configure:12909: $? = 1
configure: failed program was:
| /* confdefs.h */
| #define PACKAGE_NAME ""
| #define PACKAGE_TARNAME ""
| #define PACKAGE_VERSION ""
| #define PACKAGE_STRING ""
| #define PACKAGE_BUGREPORT ""
| #define PACKAGE_URL ""
| #define PACKAGE "libmikmod"
| #define VERSION "3.2.0"
| #define STDC_HEADERS 1
| #define HAVE_SYS_TYPES_H 1
| #define HAVE_SYS_STAT_H 1
| #define HAVE_STDLIB_H 1
| #define HAVE_STRING_H 1
| #define HAVE_MEMORY_H 1
| #define HAVE_STRINGS_H 1
| #define HAVE_INTTYPES_H 1
| #define HAVE_STDINT_H 1
| #define HAVE_UNISTD_H 1
| #define HAVE_DLFCN_H 1
| #define LT_OBJDIR ".libs/"
| #define HAVE_DLFCN_H 1
| #define HAVE_ALSA_ASOUNDLIB_H 1
| #define STDC_HEADERS 1
| #define HAVE_SYS_WAIT_H 1
| #define HAVE_FCNTL_H 1
| #define HAVE_MALLOC_H 1
| #define HAVE_MEMORY_H 1
| #define HAVE_STRINGS_H 1
| #define HAVE_SYS_IOCTL_H 1
| #define HAVE_UNISTD_H 1
| /* end confdefs.h.  */
| #include <stdio.h>
| #ifdef HAVE_SYS_TYPES_H
| # include <sys/types.h>
| #endif
| #ifdef HAVE_SYS_STAT_H
| # include <sys/stat.h>
| #endif
| #ifdef STDC_HEADERS
| # include <stdlib.h>
| # include <stddef.h>
| #else
| # ifdef HAVE_STDLIB_H
| #  include <stdlib.h>
| # endif
| #endif
| #ifdef HAVE_STRING_H
| # if !defined STDC_HEADERS && defined HAVE_MEMORY_H
| #  include <memory.h>
| # endif
| # include <string.h>
| #endif
| #ifdef HAVE_STRINGS_H
| # include <strings.h>
| #endif
| #ifdef HAVE_INTTYPES_H
| # include <inttypes.h>
| #endif
| #ifdef HAVE_STDINT_H
| # include <stdint.h>
| #endif
| #ifdef HAVE_UNISTD_H
| # include <unistd.h>
| #endif
| int
| main ()
| {
| if (sizeof ((pid_t)))
| 	    return 0;
|   ;
|   return 0;
| }
configure:12909: result: yes
configure:12920: checking for size_t
configure:12920: gcc -c -g -O2 -pthread  conftest.c >&5
configure:12920: $? = 0
configure:12920: gcc -c -g -O2 -pthread  conftest.c >&5
conftest.c: In function 'main':
conftest.c:69:21: error: expected expression before ')' token
configure:12920: $? = 1
configure: failed program was:
| /* confdefs.h */
| #define PACKAGE_NAME ""
| #define PACKAGE_TARNAME ""
| #define PACKAGE_VERSION ""
| #define PACKAGE_STRING ""
| #define PACKAGE_BUGREPORT ""
| #define PACKAGE_URL ""
| #define PACKAGE "libmikmod"
| #define VERSION "3.2.0"
| #define STDC_HEADERS 1
| #define HAVE_SYS_TYPES_H 1
| #define HAVE_SYS_STAT_H 1
| #define HAVE_STDLIB_H 1
| #define HAVE_STRING_H 1
| #define HAVE_MEMORY_H 1
| #define HAVE_STRINGS_H 1
| #define HAVE_INTTYPES_H 1
| #define HAVE_STDINT_H 1
| #define HAVE_UNISTD_H 1
| #define HAVE_DLFCN_H 1
| #define LT_OBJDIR ".libs/"
| #define HAVE_DLFCN_H 1
| #define HAVE_ALSA_ASOUNDLIB_H 1
| #define STDC_HEADERS 1
| #define HAVE_SYS_WAIT_H 1
| #define HAVE_FCNTL_H 1
| #define HAVE_MALLOC_H 1
| #define HAVE_MEMORY_H 1
| #define HAVE_STRINGS_H 1
| #define HAVE_SYS_IOCTL_H 1
| #define HAVE_UNISTD_H 1
| /* end confdefs.h.  */
| #include <stdio.h>
| #ifdef HAVE_SYS_TYPES_H
| # include <sys/types.h>
| #endif
| #ifdef HAVE_SYS_STAT_H
| # include <sys/stat.h>
| #endif
| #ifdef STDC_HEADERS
| # include <stdlib.h>
| # include <stddef.h>
| #else
| # ifdef HAVE_STDLIB_H
| #  include <stdlib.h>
| # endif
| #endif
| #ifdef HAVE_STRING_H
| # if !defined STDC_HEADERS && defined HAVE_MEMORY_H
| #  include <memory.h>
| # endif
| # include <string.h>
| #endif
| #ifdef HAVE_STRINGS_H
| # include <strings.h>
| #endif
| #ifdef HAVE_INTTYPES_H
| # include <inttypes.h>
| #endif
| #ifdef HAVE_STDINT_H
| # include <stdint.h>
| #endif
| #ifdef HAVE_UNISTD_H
| # include <unistd.h>
| #endif
| int
| main ()
| {
| if (sizeof ((size_t)))
| 	    return 0;
|   ;
|   return 0;
| }
configure:12920: result: yes
configure:12931: checking whether byte ordering is bigendian
configure:12946: gcc -c -g -O2 -pthread  conftest.c >&5
conftest.c:34:9: error: unknown type name 'not'
conftest.c:34:15: error: expected '=', ',', ';', 'asm' or '__attribute__' before 'universal'
conftest.c:34:15: error: unknown type name 'universal'
configure:12946: $? = 1
configure: failed program was:
| /* confdefs.h */
| #define PACKAGE_NAME ""
| #define PACKAGE_TARNAME ""
| #define PACKAGE_VERSION ""
| #define PACKAGE_STRING ""
| #define PACKAGE_BUGREPORT ""
| #define PACKAGE_URL ""
| #define PACKAGE "libmikmod"
| #define VERSION "3.2.0"
| #define STDC_HEADERS 1
| #define HAVE_SYS_TYPES_H 1
| #define HAVE_SYS_STAT_H 1
| #define HAVE_STDLIB_H 1
| #define HAVE_STRING_H 1
| #define HAVE_MEMORY_H 1
| #define HAVE_STRINGS_H 1
| #define HAVE_INTTYPES_H 1
| #define HAVE_STDINT_H 1
| #define HAVE_UNISTD_H 1
| #define HAVE_DLFCN_H 1
| #define LT_OBJDIR ".libs/"
| #define HAVE_DLFCN_H 1
| #define HAVE_ALSA_ASOUNDLIB_H 1
| #define STDC_HEADERS 1
| #define HAVE_SYS_WAIT_H 1
| #define HAVE_FCNTL_H 1
| #define HAVE_MALLOC_H 1
| #define HAVE_MEMORY_H 1
| #define HAVE_STRINGS_H 1
| #define HAVE_SYS_IOCTL_H 1
| #define HAVE_UNISTD_H 1
| /* end confdefs.h.  */
| #ifndef __APPLE_CC__
| 	       not a universal capable compiler
| 	     #endif
| 	     typedef int dummy;
| 
configure:12991: gcc -c -g -O2 -pthread  conftest.c >&5
configure:12991: $? = 0
configure:13009: gcc -c -g -O2 -pthread  conftest.c >&5
conftest.c: In function 'main':
conftest.c:40:4: error: unknown type name 'not'
conftest.c:40:12: error: expected '=', ',', ';', 'asm' or '__attribute__' before 'endian'
configure:13009: $? = 1
configure: failed program was:
| /* confdefs.h */
| #define PACKAGE_NAME ""
| #define PACKAGE_TARNAME ""
| #define PACKAGE_VERSION ""
| #define PACKAGE_STRING ""
| #define PACKAGE_BUGREPORT ""
| #define PACKAGE_URL ""
| #define PACKAGE "libmikmod"
| #define VERSION "3.2.0"
| #define STDC_HEADERS 1
| #define HAVE_SYS_TYPES_H 1
| #define HAVE_SYS_STAT_H 1
| #define HAVE_STDLIB_H 1
| #define HAVE_STRING_H 1
| #define HAVE_MEMORY_H 1
| #define HAVE_STRINGS_H 1
| #define HAVE_INTTYPES_H 1
| #define HAVE_STDINT_H 1
| #define HAVE_UNISTD_H 1
| #define HAVE_DLFCN_H 1
| #define LT_OBJDIR ".libs/"
| #define HAVE_DLFCN_H 1
| #define HAVE_ALSA_ASOUNDLIB_H 1
| #define STDC_HEADERS 1
| #define HAVE_SYS_WAIT_H 1
| #define HAVE_FCNTL_H 1
| #define HAVE_MALLOC_H 1
| #define HAVE_MEMORY_H 1
| #define HAVE_STRINGS_H 1
| #define HAVE_SYS_IOCTL_H 1
| #define HAVE_UNISTD_H 1
| /* end confdefs.h.  */
| #include <sys/types.h>
| 		#include <sys/param.h>
| 
| int
| main ()
| {
| #if BYTE_ORDER != BIG_ENDIAN
| 		 not big endian
| 		#endif
| 
|   ;
|   return 0;
| }
configure:13137: result: no
configure:13156: checking if compiler understands the signed keyword
configure:13179: gcc -c -g -O2 -pthread  conftest.c >&5
configure:13179: $? = 0
configure:13192: result: yes
configure:13208: checking for setenv
configure:13208: gcc -o conftest -g -O2 -pthread   conftest.c  >&5
configure:13208: $? = 0
configure:13208: result: yes
configure:13208: checking for snprintf
configure:13208: gcc -o conftest -g -O2 -pthread   conftest.c  >&5
conftest.c:57:6: warning: conflicting types for built-in function 'snprintf' [enabled by default]
configure:13208: $? = 0
configure:13208: result: yes
configure:13208: checking for srandom
configure:13208: gcc -o conftest -g -O2 -pthread   conftest.c  >&5
configure:13208: $? = 0
configure:13208: result: yes
configure:13217: checking for strcasecmp
configure:13217: gcc -o conftest -g -O2 -pthread   conftest.c  >&5
conftest.c:59:6: warning: conflicting types for built-in function 'strcasecmp' [enabled by default]
configure:13217: $? = 0
configure:13217: result: yes
configure:13230: checking for strdup
configure:13230: gcc -o conftest -g -O2 -pthread   conftest.c  >&5
conftest.c:60:6: warning: conflicting types for built-in function 'strdup' [enabled by default]
configure:13230: $? = 0
configure:13230: result: yes
configure:13243: checking for strstr
configure:13243: gcc -o conftest -g -O2 -pthread   conftest.c  >&5
conftest.c:61:6: warning: conflicting types for built-in function 'strstr' [enabled by default]
configure:13243: $? = 0
configure:13243: result: yes
configure:13260: checking for floor in -lm
configure:13285: gcc -o conftest -g -O2 -pthread   conftest.c -lm   >&5
conftest.c:46:6: warning: conflicting types for built-in function 'floor' [enabled by default]
configure:13285: $? = 0
configure:13294: result: yes
configure:13484: checking machine/soundcard.h usability
configure:13484: gcc -c -g -O2 -pthread  conftest.c >&5
conftest.c:75:31: fatal error: machine/soundcard.h: No such file or directory
compilation terminated.
configure:13484: $? = 1
configure: failed program was:
| /* confdefs.h */
| #define PACKAGE_NAME ""
| #define PACKAGE_TARNAME ""
| #define PACKAGE_VERSION ""
| #define PACKAGE_STRING ""
| #define PACKAGE_BUGREPORT ""
| #define PACKAGE_URL ""
| #define PACKAGE "libmikmod"
| #define VERSION "3.2.0"
| #define STDC_HEADERS 1
| #define HAVE_SYS_TYPES_H 1
| #define HAVE_SYS_STAT_H 1
| #define HAVE_STDLIB_H 1
| #define HAVE_STRING_H 1
| #define HAVE_MEMORY_H 1
| #define HAVE_STRINGS_H 1
| #define HAVE_INTTYPES_H 1
| #define HAVE_STDINT_H 1
| #define HAVE_UNISTD_H 1
| #define HAVE_DLFCN_H 1
| #define LT_OBJDIR ".libs/"
| #define HAVE_DLFCN_H 1
| #define HAVE_ALSA_ASOUNDLIB_H 1
| #define STDC_HEADERS 1
| #define HAVE_SYS_WAIT_H 1
| #define HAVE_FCNTL_H 1
| #define HAVE_MALLOC_H 1
| #define HAVE_MEMORY_H 1
| #define HAVE_STRINGS_H 1
| #define HAVE_SYS_IOCTL_H 1
| #define HAVE_UNISTD_H 1
| #define HAVE_SETENV 1
| #define HAVE_SNPRINTF 1
| #define HAVE_SRANDOM 1
| #define HAVE_STRCASECMP 1
| #define HAVE_STRDUP 1
| #define HAVE_STRSTR 1
| #define DRV_PIPE 1
| #define DRV_AIFF 1
| #define DRV_ALSA 1
| /* end confdefs.h.  */
| #include <stdio.h>
| #ifdef HAVE_SYS_TYPES_H
| # include <sys/types.h>
| #endif
| #ifdef HAVE_SYS_STAT_H
| # include <sys/stat.h>
| #endif
| #ifdef STDC_HEADERS
| # include <stdlib.h>
| # include <stddef.h>
| #else
| # ifdef HAVE_STDLIB_H
| #  include <stdlib.h>
| # endif
| #endif
| #ifdef HAVE_STRING_H
| # if !defined STDC_HEADERS && defined HAVE_MEMORY_H
| #  include <memory.h>
| # endif
| # include <string.h>
| #endif
| #ifdef HAVE_STRINGS_H
| # include <strings.h>
| #endif
| #ifdef HAVE_INTTYPES_H
| # include <inttypes.h>
| #endif
| #ifdef HAVE_STDINT_H
| # include <stdint.h>
| #endif
| #ifdef HAVE_UNISTD_H
| # include <unistd.h>
| #endif
| #include <machine/soundcard.h>
configure:13484: result: no
configure:13484: checking machine/soundcard.h presence
configure:13484: gcc -E  conftest.c
conftest.c:42:31: fatal error: machine/soundcard.h: No such file or directory
compilation terminated.
configure:13484: $? = 1
configure: failed program was:
| /* confdefs.h */
| #define PACKAGE_NAME ""
| #define PACKAGE_TARNAME ""
| #define PACKAGE_VERSION ""
| #define PACKAGE_STRING ""
| #define PACKAGE_BUGREPORT ""
| #define PACKAGE_URL ""
| #define PACKAGE "libmikmod"
| #define VERSION "3.2.0"
| #define STDC_HEADERS 1
| #define HAVE_SYS_TYPES_H 1
| #define HAVE_SYS_STAT_H 1
| #define HAVE_STDLIB_H 1
| #define HAVE_STRING_H 1
| #define HAVE_MEMORY_H 1
| #define HAVE_STRINGS_H 1
| #define HAVE_INTTYPES_H 1
| #define HAVE_STDINT_H 1
| #define HAVE_UNISTD_H 1
| #define HAVE_DLFCN_H 1
| #define LT_OBJDIR ".libs/"
| #define HAVE_DLFCN_H 1
| #define HAVE_ALSA_ASOUNDLIB_H 1
| #define STDC_HEADERS 1
| #define HAVE_SYS_WAIT_H 1
| #define HAVE_FCNTL_H 1
| #define HAVE_MALLOC_H 1
| #define HAVE_MEMORY_H 1
| #define HAVE_STRINGS_H 1
| #define HAVE_SYS_IOCTL_H 1
| #define HAVE_UNISTD_H 1
| #define HAVE_SETENV 1
| #define HAVE_SNPRINTF 1
| #define HAVE_SRANDOM 1
| #define HAVE_STRCASECMP 1
| #define HAVE_STRDUP 1
| #define HAVE_STRSTR 1
| #define DRV_PIPE 1
| #define DRV_AIFF 1
| #define DRV_ALSA 1
| /* end confdefs.h.  */
| #include <machine/soundcard.h>
configure:13484: result: no
configure:13484: checking for machine/soundcard.h
configure:13484: result: no
configure:13496: checking sys/soundcard.h usability
configure:13496: gcc -c -g -O2 -pthread  conftest.c >&5
configure:13496: $? = 0
configure:13496: result: yes
configure:13496: checking sys/soundcard.h presence
configure:13496: gcc -E  conftest.c
configure:13496: $? = 0
configure:13496: result: yes
configure:13496: checking for sys/soundcard.h
configure:13496: result: yes
configure:13586: checking if RTLD_GLOBAL is defined
configure:13602: gcc -c -g -O2 -pthread  conftest.c >&5
configure:13602: $? = 0
configure:13609: result: yes
configure:13627: checking if inlining functions is safe
configure:13647: gcc -o conftest -g -O2 -pthread   conftest.c  >&5
conftest.c: In function 'main':
conftest.c:50:2: warning: incompatible implicit declaration of built-in function 'exit' [enabled by default]
configure:13647: $? = 0
configure:13647: ./conftest
configure:13647: $? = 0
configure:13657: result: yes
configure:13677: checking if compiler is pgcc
configure:13685: result: no
configure:13871: checking that generated files are newer than configure
configure:13877: result: done
configure:13905: creating ./config.status

## ---------------------- ##
## Running config.status. ##
## ---------------------- ##

This file was extended by config.status, which was
generated by GNU Autoconf 2.69.  Invocation command line was

  CONFIG_FILES    = 
  CONFIG_HEADERS  = 
  CONFIG_LINKS    = 
  CONFIG_COMMANDS = 
  $ ./config.status 

on telaviv1.shlomifish.org

config.status:1145: creating libmikmod-config
config.status:1145: creating libmikmod.spec
config.status:1145: creating Makefile
config.status:1145: creating docs/Makefile
config.status:1145: creating docs/libmikmod-config.1
config.status:1145: creating dlapi/Makefile
config.status:1145: creating drivers/Makefile
config.status:1145: creating include/Makefile
config.status:1145: creating include/mikmod.h
config.status:1145: creating include/mikmod_build.h
config.status:1145: creating libmikmod/Makefile
config.status:1253: WARNING:  'libmikmod/Makefile.in' seems to ignore the --datarootdir setting
config.status:1145: creating loaders/Makefile
config.status:1145: creating mmio/Makefile
config.status:1145: creating playercode/Makefile
config.status:1145: creating posix/Makefile
config.status:1145: creating macintosh/Makefile
config.status:1145: creating macintosh/mikmod.h
config.status:1145: creating macintosh/_libmikmodversion.r
config.status:1145: creating macosx/mikmod.h
config.status:1145: creating macosx/Info.plist
config.status:1145: creating macosx/InfoPlist.strings
config.status:1145: creating os2/Makefile
config.status:1145: creating dos/Makefile
config.status:1145: creating dos/include/Makefile
config.status:1145: creating dos/src/Makefile
config.status:1145: creating win32/Makefile
config.status:1145: creating config.h
config.status:1374: executing depfiles commands
config.status:1374: executing libtool commands
config.status:1374: executing default commands

## ---------------- ##
## Cache variables. ##
## ---------------- ##

ac_cv_build=x86_64-unknown-linux-gnu
ac_cv_c_bigendian=no
ac_cv_c_compiler_gnu=yes
ac_cv_c_const=yes
ac_cv_env_CC_set=
ac_cv_env_CC_value=
ac_cv_env_CFLAGS_set=
ac_cv_env_CFLAGS_value=
ac_cv_env_CPPFLAGS_set=
ac_cv_env_CPPFLAGS_value=
ac_cv_env_CPP_set=
ac_cv_env_CPP_value=
ac_cv_env_LDFLAGS_set=
ac_cv_env_LDFLAGS_value=
ac_cv_env_LIBS_set=
ac_cv_env_LIBS_value=
ac_cv_env_XMKMF_set=
ac_cv_env_XMKMF_value=
ac_cv_env_build_alias_set=
ac_cv_env_build_alias_value=
ac_cv_env_host_alias_set=
ac_cv_env_host_alias_value=
ac_cv_env_target_alias_set=
ac_cv_env_target_alias_value=
ac_cv_func_setenv=yes
ac_cv_func_snprintf=yes
ac_cv_func_srandom=yes
ac_cv_func_strcasecmp=yes
ac_cv_func_strdup=yes
ac_cv_func_strstr=yes
ac_cv_have_x='have_x=yes	ac_x_includes='\'''\''	ac_x_libraries='\'''\'''
ac_cv_header_AF_AFlib_h=no
ac_cv_header_alsa_asoundlib_h=yes
ac_cv_header_dlfcn_h=yes
ac_cv_header_fcntl_h=yes
ac_cv_header_inttypes_h=yes
ac_cv_header_libgus_h=no
ac_cv_header_machine_soundcard_h=no
ac_cv_header_malloc_h=yes
ac_cv_header_memory_h=yes
ac_cv_header_stdc=yes
ac_cv_header_stdint_h=yes
ac_cv_header_stdlib_h=yes
ac_cv_header_string_h=yes
ac_cv_header_strings_h=yes
ac_cv_header_sys_ioctl_h=yes
ac_cv_header_sys_sam9407_h=no
ac_cv_header_sys_soundcard_h=yes
ac_cv_header_sys_stat_h=yes
ac_cv_header_sys_types_h=yes
ac_cv_header_sys_wait_h=yes
ac_cv_header_unistd_h=yes
ac_cv_host=x86_64-unknown-linux-gnu
ac_cv_lib_asound_snd_pcm_open=yes
ac_cv_lib_c_dlopen=no
ac_cv_lib_dl_dlopen=yes
ac_cv_lib_m_floor=yes
ac_cv_objext=o
ac_cv_path_EGREP='/bin/grep -E'
ac_cv_path_FGREP='/bin/grep -F'
ac_cv_path_GREP=/bin/grep
ac_cv_path_SED=/bin/sed
ac_cv_path_install='/bin/install -c'
ac_cv_path_mkdir=/bin/mkdir
ac_cv_prog_AWK=gawk
ac_cv_prog_CPP='gcc -E'
ac_cv_prog_ac_ct_AR=ar
ac_cv_prog_ac_ct_CC=gcc
ac_cv_prog_ac_ct_OBJDUMP=objdump
ac_cv_prog_ac_ct_RANLIB=ranlib
ac_cv_prog_ac_ct_STRIP=strip
ac_cv_prog_cc_c89=
ac_cv_prog_cc_g=yes
ac_cv_prog_gcc_traditional=no
ac_cv_prog_make_make_set=yes
ac_cv_type_pid_t=yes
ac_cv_type_size_t=yes
am_cv_CC_dependencies_compiler_type=none
libmikmod_cv_decl_rtld_global=yes
libmikmod_cv_dynload_underscores=no
libmikmod_cv_gcc_inline_safe=yes
libmikmod_cv_gcc_pthread=yes
libmikmod_cv_gcc_signed=yes
libmikmod_cv_makeinfo_html=no
libmikmod_cv_oss_dev_sndstat=yes
lt_cv_ar_at_file=@
lt_cv_archive_cmds_need_lc=no
lt_cv_deplibs_check_method=pass_all
lt_cv_file_magic_cmd='$MAGIC_CMD'
lt_cv_file_magic_test_file=
lt_cv_ld_reload_flag=-r
lt_cv_nm_interface='BSD nm'
lt_cv_objdir=.libs
lt_cv_path_LD=/bin/ld
lt_cv_path_NM='/bin/nm -B'
lt_cv_path_mainfest_tool=no
lt_cv_prog_compiler_c_o=yes
lt_cv_prog_compiler_pic='-fPIC -DPIC'
lt_cv_prog_compiler_pic_works=yes
lt_cv_prog_compiler_rtti_exceptions=no
lt_cv_prog_compiler_static_works=yes
lt_cv_prog_gnu_ld=yes
lt_cv_sharedlib_from_linklib_cmd='printf %s\n'
lt_cv_shlibpath_overrides_runpath=no
lt_cv_sys_global_symbol_pipe='sed -n -e '\''s/^.*[	 ]\([ABCDGIRSTW][ABCDGIRSTW]*\)[	 ][	 ]*\([_A-Za-z][_A-Za-z0-9]*\)$/\1 \2 \2/p'\'' | sed '\''/ __gnu_lto/d'\'''
lt_cv_sys_global_symbol_to_c_name_address='sed -n -e '\''s/^: \([^ ]*\)[ ]*$/  {\"\1\", (void *) 0},/p'\'' -e '\''s/^[ABCDGIRSTW]* \([^ ]*\) \([^ ]*\)$/  {"\2", (void *) \&\2},/p'\'''
lt_cv_sys_global_symbol_to_c_name_address_lib_prefix='sed -n -e '\''s/^: \([^ ]*\)[ ]*$/  {\"\1\", (void *) 0},/p'\'' -e '\''s/^[ABCDGIRSTW]* \([^ ]*\) \(lib[^ ]*\)$/  {"\2", (void *) \&\2},/p'\'' -e '\''s/^[ABCDGIRSTW]* \([^ ]*\) \([^ ]*\)$/  {"lib\2", (void *) \&\2},/p'\'''
lt_cv_sys_global_symbol_to_cdecl='sed -n -e '\''s/^T .* \(.*\)$/extern int \1();/p'\'' -e '\''s/^[ABCDGIRSTW]* .* \(.*\)$/extern char \1;/p'\'''
lt_cv_sys_max_cmd_len=1572864
lt_cv_to_host_file_cmd=func_convert_file_noop
lt_cv_to_tool_file_cmd=func_convert_file_noop

## ----------------- ##
## Output variables. ##
## ----------------- ##

ACLOCAL='aclocal-1.12'
AMDEPBACKSLASH='\'
AMDEP_FALSE='#'
AMDEP_TRUE=''
AMTAR='$${TAR-tar}'
AR='ar'
AUTOCONF='autoconf'
AUTOHEADER='autoheader'
AUTOMAKE='automake-1.12'
AWK='gawk'
BETA_RELEASE='0'
CC='gcc'
CCDEPMODE='depmode=none'
CFLAGS='-g -O2 -pthread -finline-functions -funroll-loops -ffast-math -Wall -D_REENTRANT'
CPP='gcc -E'
CPPFLAGS=''
CYGPATH_W='echo'
DEFS='-DHAVE_CONFIG_H'
DEPDIR='.deps'
DLLTOOL='false'
DLOBJS=''
DOES_NOT_HAVE_SIGNED=''
DSYMUTIL=''
DUMPBIN=''
ECHO_C=''
ECHO_N='-n'
ECHO_T=''
EGREP='/bin/grep -E'
EXEEXT=''
FGREP='/bin/grep -F'
GREP='/bin/grep'
INSTALL_DATA='${INSTALL} -m 644'
INSTALL_PROGRAM='${INSTALL}'
INSTALL_SCRIPT='${INSTALL}'
INSTALL_STRIP_PROGRAM='$(install_sh) -c -s'
IS_BETA='0'
LD='/bin/ld -m elf_x86_64'
LDFLAGS=''
LIBMIKMOD_MAJOR_VERSION='3'
LIBMIKMOD_MICRO_VERSION='0'
LIBMIKMOD_MINOR_VERSION='2'
LIBMIKMOD_VERSION='3.2.0'
LIBOBJS=''
LIBRARY_LIB=' -ldl -lm '
LIBS=''
LIBTOOL='$(SHELL) $(top_builddir)/libtool'
LIB_LDADD='-pthread'
LIPO=''
LN_S='ln -s'
LTLIBOBJS=''
MAINT='#'
MAINTAINER_MODE_FALSE=''
MAINTAINER_MODE_TRUE='#'
MAKEINFO='/missing makeinfo'
MANIFEST_TOOL=':'
MKDIR_P='/bin/mkdir -p'
NM='/bin/nm -B'
NMEDIT=''
OBJDUMP='objdump'
OBJEXT='o'
OTOOL64=''
OTOOL=''
PACKAGE='libmikmod'
PACKAGE_BUGREPORT=''
PACKAGE_NAME=''
PACKAGE_STRING=''
PACKAGE_TARNAME=''
PACKAGE_URL=''
PACKAGE_VERSION=''
PATH_SEPARATOR=':'
PLAYER_LIB=''
RANLIB='ranlib'
REENTRANT='-pthread -D_REENTRANT'
SED='/bin/sed'
SET_MAKE=''
SHELL='/bin/sh'
SPEC_PRERELEASE='-beta2'
SPEC_RELEASE='0.2beta2'
STRIP='strip'
VERSION='3.2.0'
XMKMF=''
ac_ct_AR='ar'
ac_ct_CC='gcc'
ac_ct_DUMPBIN=''
am__EXEEXT_FALSE=''
am__EXEEXT_TRUE='#'
am__fastdepCC_FALSE=''
am__fastdepCC_TRUE='#'
am__include='include'
am__isrc=''
am__leading_dot='.'
am__nodep='_no'
am__quote=''
am__tar='$${TAR-tar} chof - "$$tardir"'
am__untar='$${TAR-tar} xf -'
bindir='${exec_prefix}/bin'
build='x86_64-unknown-linux-gnu'
build_alias=''
build_cpu='x86_64'
build_os='linux-gnu'
build_vendor='unknown'
datadir='${datarootdir}'
datarootdir='${prefix}/share'
docdir='${datarootdir}/doc/${PACKAGE}'
dvidir='${docdir}'
exec_prefix='${prefix}'
host='x86_64-unknown-linux-gnu'
host_alias=''
host_cpu='x86_64'
host_os='linux-gnu'
host_vendor='unknown'
htmldir='${docdir}'
includedir='${prefix}/include'
infodir='${datarootdir}/info'
install_sh='${SHELL} /home/shlomif/progs/mikmod/hg/mikmod/libmikmod/install-sh'
libdir='${exec_prefix}/lib'
libexecdir='${exec_prefix}/libexec'
localedir='${datarootdir}/locale'
localstatedir='${prefix}/var'
mandir='${datarootdir}/man'
mkdir_p='$(MKDIR_P)'
oldincludedir='/usr/include'
pdfdir='${docdir}'
prefix='/usr/local'
program_transform_name='s,x,x,'
psdir='${docdir}'
sbindir='${exec_prefix}/sbin'
sharedstatedir='${prefix}/com'
sysconfdir='${prefix}/etc'
target_alias=''

## ----------- ##
## confdefs.h. ##
## ----------- ##

/* confdefs.h */
#define PACKAGE_NAME ""
#define PACKAGE_TARNAME ""
#define PACKAGE_VERSION ""
#define PACKAGE_STRING ""
#define PACKAGE_BUGREPORT ""
#define PACKAGE_URL ""
#define PACKAGE "libmikmod"
#define VERSION "3.2.0"
#define STDC_HEADERS 1
#define HAVE_SYS_TYPES_H 1
#define HAVE_SYS_STAT_H 1
#define HAVE_STDLIB_H 1
#define HAVE_STRING_H 1
#define HAVE_MEMORY_H 1
#define HAVE_STRINGS_H 1
#define HAVE_INTTYPES_H 1
#define HAVE_STDINT_H 1
#define HAVE_UNISTD_H 1
#define HAVE_DLFCN_H 1
#define LT_OBJDIR ".libs/"
#define HAVE_DLFCN_H 1
#define HAVE_ALSA_ASOUNDLIB_H 1
#define STDC_HEADERS 1
#define HAVE_SYS_WAIT_H 1
#define HAVE_FCNTL_H 1
#define HAVE_MALLOC_H 1
#define HAVE_MEMORY_H 1
#define HAVE_STRINGS_H 1
#define HAVE_SYS_IOCTL_H 1
#define HAVE_UNISTD_H 1
#define HAVE_SETENV 1
#define HAVE_SNPRINTF 1
#define HAVE_SRANDOM 1
#define HAVE_STRCASECMP 1
#define HAVE_STRDUP 1
#define HAVE_STRSTR 1
#define DRV_PIPE 1
#define DRV_AIFF 1
#define DRV_ALSA 1
#define HAVE_SYS_SOUNDCARD_H 1
#define DRV_OSS 1
#define MIKMOD_DYNAMIC 1
#define HAVE_RTLD_GLOBAL 1
#define HAVE_PTHREAD 1

configure: exit 0
