Build started 3/24/2012 10:12:11 AM.
     1>Project "C:\Uplink Dev CD\contrib\irclib\IRCLib.vcxproj" on node 5 (build target(s)).
     1>InitializeBuildStatus:
         Creating "Debug\IRCLib.unsuccessfulbuild" because "AlwaysCreate" was specified.
       ClCompile:
         c:\Program Files (x86)\Microsoft Visual Studio 10.0\VC\bin\CL.exe /c /I..\..\lib\common /I..\..\lib\mmgr /ZI /nologo /W3 /WX- /Od /Oy- /D USE_SDL /D WIN32 /D _CRT_SECURE_NO_DEPRECATE /Gm /EHsc /RTC1 /MTd /GS /fp:precise /Zc:wchar_t /Zc:forScope /Fo"Debug\\" /Fd"Debug\vc100.pdb" /Gd /TP /wd4996 /analyze- /errorReport:prompt CrossThreadsMessagingDevice.cpp irc.cpp linux\missing.cpp socket.cpp test.cpp linux\windows.cpp linux\winsock.cpp
         winsock.cpp
         windows.cpp
         test.cpp
         socket.cpp
         missing.cpp
         irc.cpp
         CrossThreadsMessagingDevice.cpp
         Generating Code...
       Lib:
         c:\Program Files (x86)\Microsoft Visual Studio 10.0\VC\bin\Lib.exe /OUT:"..\bin\IRCLib.lib" /NOLOGO Debug\CrossThreadsMessagingDevice.obj
         Debug\irc.obj
         Debug\missing.obj
         Debug\socket.obj
         Debug\test.obj
         Debug\windows.obj
         Debug\winsock.obj
         IRCLib.vcxproj -> C:\Uplink Dev CD\contrib\irclib\..\bin\IRCLib.lib
       FinalizeBuildStatus:
         Deleting file "Debug\IRCLib.unsuccessfulbuild".
         Touching "Debug\IRCLib.lastbuildstate".
     1>Done Building Project "C:\Uplink Dev CD\contrib\irclib\IRCLib.vcxproj" (build target(s)).

Build succeeded.

Time Elapsed 00:00:04.28
