Build started 8/14/2013 4:58:59 PM.
     1>Project "C:\Users\ben\Documents\sourcecode\benpowerman uplink visual studio 2012 unmodify\contrib\unrar\Unrar.vcxproj" on node 2 (Build target(s)).
     1>ClCompile:
         C:\Program Files (x86)\Microsoft Visual Studio 11.0\VC\bin\CL.exe /c /ZI /nologo /W3 /WX- /Od /Oy- /D WIN32 /D _DEBUG /D _LIB /D _VC80_UPGRADE=0x0600 /D _MBCS /Gm /EHsc /RTC1 /MTd /GS /fp:precise /Zc:wchar_t /Zc:forScope /Fo".\Debug/" /Fd".\Debug/vc110.pdb" /Gd /TP /wd4996 /wd4018 /wd4146 /wd4244 /analyze- /errorReport:prompt archive.cpp arcread.cpp cmddata.cpp consio.cpp crc.cpp crypt.cpp encname.cpp errhnd.cpp extinfo.cpp extract.cpp filcreat.cpp file.cpp filefn.cpp filestr.cpp find.cpp getbits.cpp global.cpp int64.cpp isnt.cpp list.cpp match.cpp options.cpp pathfn.cpp rarbloat.cpp rarresource.cpp rarvm.cpp rarvmtbl.cpp rawread.cpp rdwrfn.cpp recvol.cpp rijndael.cpp rs.cpp savepos.cpp scantree.cpp sha1.cpp strfn.cpp strlist.cpp system.cpp timefn.cpp ulinks.cpp unicode.cpp unpack.cpp unrar.cpp volume.cpp
         volume.cpp
         unrar.cpp
         unpack.cpp
         unicode.cpp
         ulinks.cpp
         timefn.cpp
         system.cpp
         strlist.cpp
         strfn.cpp
         sha1.cpp
         scantree.cpp
         savepos.cpp
         rs.cpp
         rijndael.cpp
         recvol.cpp
         rdwrfn.cpp
         rawread.cpp
         rarvmtbl.cpp
         rarvm.cpp
         rarresource.cpp
         Generating Code...
         Compiling...
         rarbloat.cpp
         pathfn.cpp
         options.cpp
         match.cpp
         list.cpp
         isnt.cpp
         int64.cpp
         global.cpp
         getbits.cpp
         find.cpp
         filestr.cpp
         filefn.cpp
         file.cpp
         filcreat.cpp
         extract.cpp
         extinfo.cpp
         errhnd.cpp
         encname.cpp
         crypt.cpp
         crc.cpp
         Generating Code...
         Compiling...
         consio.cpp
         cmddata.cpp
         arcread.cpp
         archive.cpp
         Generating Code...
       Lib:
         C:\Program Files (x86)\Microsoft Visual Studio 11.0\VC\bin\Lib.exe /OUT:"..\bin\unrar.lib" /NOLOGO .\Debug/archive.obj
         .\Debug/arcread.obj
         .\Debug/cmddata.obj
         .\Debug/consio.obj
         .\Debug/crc.obj
         .\Debug/crypt.obj
         .\Debug/encname.obj
         .\Debug/errhnd.obj
         .\Debug/extinfo.obj
         .\Debug/extract.obj
         .\Debug/filcreat.obj
         .\Debug/file.obj
         .\Debug/filefn.obj
         .\Debug/filestr.obj
         .\Debug/find.obj
         .\Debug/getbits.obj
         .\Debug/global.obj
         .\Debug/int64.obj
         .\Debug/isnt.obj
         .\Debug/list.obj
         .\Debug/match.obj
         .\Debug/options.obj
         .\Debug/pathfn.obj
         .\Debug/rarbloat.obj
         .\Debug/rarresource.obj
         .\Debug/rarvm.obj
         .\Debug/rarvmtbl.obj
         .\Debug/rawread.obj
         .\Debug/rdwrfn.obj
         .\Debug/recvol.obj
         .\Debug/rijndael.obj
         .\Debug/rs.obj
         .\Debug/savepos.obj
         .\Debug/scantree.obj
         .\Debug/sha1.obj
         .\Debug/strfn.obj
         .\Debug/strlist.obj
         .\Debug/system.obj
         .\Debug/timefn.obj
         .\Debug/ulinks.obj
         .\Debug/unicode.obj
         .\Debug/unpack.obj
         .\Debug/unrar.obj
         .\Debug/volume.obj
     1>rarvmtbl.obj : warning LNK4221: This object file does not define any previously undefined public symbols, so it will not be used by any link operation that consumes this library
         Unrar.vcxproj -> C:\Users\ben\Documents\sourcecode\benpowerman uplink visual studio 2012 unmodify\contrib\unrar\..\bin\Unrar.lib
     1>Done Building Project "C:\Users\ben\Documents\sourcecode\benpowerman uplink visual studio 2012 unmodify\contrib\unrar\Unrar.vcxproj" (Build target(s)).

Build succeeded.

Time Elapsed 00:00:24.60
