Build started 8/14/2013 4:57:25 PM.
     1>Project "C:\Users\ben\Documents\sourcecode\benpowerman uplink visual studio 2012 unmodify\lib\soundgarden\Soundgarden.vcxproj" on node 2 (Build target(s)).
     1>ClCompile:
         C:\Program Files (x86)\Microsoft Visual Studio 11.0\VC\bin\CL.exe /c /I..\mmgr /I..\tosser /I..\redshirt /I..\eclipse /I..\gucci /I..\common /I"..\..\contrib\SDL-1.2.11\include" /I"..\..\contrib\SDL-1.2.11\include\SDL" /I"..\..\contrib\SDL_mixer-1.2.7_patched\include" /ZI /nologo /W3 /WX- /Od /Oy- /D USE_SDL /D WIN32 /D _CRT_SECURE_NO_DEPRECATE /Gm /EHsc /RTC1 /MTd /GS /fp:precise /Zc:wchar_t /Zc:forScope /Fo"Debug\\" /Fd"Debug\vc110.pdb" /Gd /TP /wd4996 /analyze- /errorReport:prompt sgplaylist.cpp soundgarden.cpp soundgarden_sdlmixer.cpp soundgarden_unix.cpp soundgarden_win32.cpp
         soundgarden_win32.cpp
         soundgarden_unix.cpp
         soundgarden_sdlmixer.cpp
         soundgarden.cpp
         sgplaylist.cpp
         Generating Code...
       Lib:
         C:\Program Files (x86)\Microsoft Visual Studio 11.0\VC\bin\Lib.exe /OUT:"..\bin\Soundgarden.lib" /NOLOGO Debug\sgplaylist.obj
         Debug\soundgarden.obj
         Debug\soundgarden_sdlmixer.obj
         Debug\soundgarden_unix.obj
         Debug\soundgarden_win32.obj
         Soundgarden.vcxproj -> C:\Users\ben\Documents\sourcecode\benpowerman uplink visual studio 2012 unmodify\lib\soundgarden\..\bin\Soundgarden.lib
     1>Done Building Project "C:\Users\ben\Documents\sourcecode\benpowerman uplink visual studio 2012 unmodify\lib\soundgarden\Soundgarden.vcxproj" (Build target(s)).

Build succeeded.

Time Elapsed 00:00:03.79
