Build started 3/24/2012 10:17:08 AM.
     1>Project "C:\Uplink Dev CD\lib\soundgarden\Soundgarden.vcxproj" on node 3 (build target(s)).
     1>InitializeBuildStatus:
         Creating "Unoptimised\Soundgarden.unsuccessfulbuild" because "AlwaysCreate" was specified.
       ClCompile:
         c:\Program Files (x86)\Microsoft Visual Studio 10.0\VC\bin\CL.exe /c /I..\mmgr /I..\tosser /I..\redshirt /I..\eclipse /I..\gucci /I..\common /I"..\..\contrib\SDL-1.2.11\include" /I"..\..\contrib\SDL-1.2.11\include\SDL" /I"..\..\contrib\SDL_mixer-1.2.7_patched\include" /Zi /nologo /W3 /WX- /Od /Oy- /D USE_SDL /D WIN32 /D _CRT_SECURE_NO_DEPRECATE /Gm- /EHsc /MT /GS /fp:precise /Zc:wchar_t /Zc:forScope /Fo"Unoptimised\\" /Fd"Unoptimised\vc100.pdb" /Gd /TP /analyze- /errorReport:prompt sgplaylist.cpp soundgarden.cpp soundgarden_sdlmixer.cpp soundgarden_unix.cpp soundgarden_win32.cpp
         sgplaylist.cpp
         soundgarden.cpp
         soundgarden_sdlmixer.cpp
         soundgarden_unix.cpp
         soundgarden_win32.cpp
         Generating Code...
       Lib:
         c:\Program Files (x86)\Microsoft Visual Studio 10.0\VC\bin\Lib.exe /OUT:"..\bin\Soundgarden.lib" /NOLOGO Unoptimised\sgplaylist.obj
         Unoptimised\soundgarden.obj
         Unoptimised\soundgarden_sdlmixer.obj
         Unoptimised\soundgarden_unix.obj
         Unoptimised\soundgarden_win32.obj
         Soundgarden.vcxproj -> C:\Uplink Dev CD\lib\soundgarden\..\bin\Soundgarden.lib
       FinalizeBuildStatus:
         Deleting file "Unoptimised\Soundgarden.unsuccessfulbuild".
         Touching "Unoptimised\Soundgarden.lastbuildstate".
     1>Done Building Project "C:\Uplink Dev CD\lib\soundgarden\Soundgarden.vcxproj" (build target(s)).

Build succeeded.

Time Elapsed 00:00:03.94
