Build started 3/24/2012 10:17:08 AM.
     1>Project "C:\Uplink Dev CD\contrib\irclib\IRCLib.vcxproj" on node 3 (build target(s)).
     1>InitializeBuildStatus:
         Creating "Release\IRCLib.unsuccessfulbuild" because "AlwaysCreate" was specified.
       ClCompile:
         c:\Program Files (x86)\Microsoft Visual Studio 10.0\VC\bin\CL.exe /c /I..\..\lib\common /I..\..\lib\mmgr /Zi /nologo /W3 /WX- /O2 /Oy- /D USE_SDL /D WIN32 /D _CRT_SECURE_NO_DEPRECATE /Gm- /EHsc /MT /GS /fp:precise /Zc:wchar_t /Zc:forScope /Fo"Release\\" /Fd"Release\vc100.pdb" /Gd /TP /wd4996 /analyze- /errorReport:prompt CrossThreadsMessagingDevice.cpp irc.cpp linux\missing.cpp socket.cpp test.cpp linux\windows.cpp linux\winsock.cpp
         CrossThreadsMessagingDevice.cpp
         irc.cpp
         missing.cpp
         socket.cpp
         test.cpp
         windows.cpp
         winsock.cpp
         Generating Code...
       Lib:
         c:\Program Files (x86)\Microsoft Visual Studio 10.0\VC\bin\Lib.exe /OUT:"..\bin\IRCLib.lib" /NOLOGO Release\CrossThreadsMessagingDevice.obj
         Release\irc.obj
         Release\missing.obj
         Release\socket.obj
         Release\test.obj
         Release\windows.obj
         Release\winsock.obj
         IRCLib.vcxproj -> C:\Uplink Dev CD\contrib\irclib\..\bin\IRCLib.lib
       FinalizeBuildStatus:
         Deleting file "Release\IRCLib.unsuccessfulbuild".
         Touching "Release\IRCLib.lastbuildstate".
     1>Done Building Project "C:\Uplink Dev CD\contrib\irclib\IRCLib.vcxproj" (build target(s)).

Build succeeded.

Time Elapsed 00:00:04.02
