Build started 8/14/2013 4:58:59 PM.
     1>Project "C:\Users\ben\Documents\sourcecode\benpowerman uplink visual studio 2012 unmodify\contrib\irclib\IRCLib.vcxproj" on node 3 (Build target(s)).
     1>ClCompile:
         C:\Program Files (x86)\Microsoft Visual Studio 11.0\VC\bin\CL.exe /c /I..\..\lib\common /I..\..\lib\mmgr /ZI /nologo /W3 /WX- /Od /Oy- /D USE_SDL /D WIN32 /D _CRT_SECURE_NO_DEPRECATE /Gm /EHsc /RTC1 /MTd /GS /fp:precise /Zc:wchar_t /Zc:forScope /Fo"Debug\\" /Fd"Debug\vc110.pdb" /Gd /TP /wd4996 /analyze- /errorReport:prompt CrossThreadsMessagingDevice.cpp irc.cpp linux\missing.cpp linux\windows.cpp linux\winsock.cpp socket.cpp test.cpp
         test.cpp
         socket.cpp
         winsock.cpp
         windows.cpp
         missing.cpp
         irc.cpp
         CrossThreadsMessagingDevice.cpp
         Generating Code...
       Lib:
         C:\Program Files (x86)\Microsoft Visual Studio 11.0\VC\bin\Lib.exe /OUT:"..\bin\IRCLib.lib" /NOLOGO Debug\CrossThreadsMessagingDevice.obj
         Debug\irc.obj
         Debug\missing.obj
         Debug\socket.obj
         Debug\test.obj
         Debug\windows.obj
         Debug\winsock.obj
         IRCLib.vcxproj -> C:\Users\ben\Documents\sourcecode\benpowerman uplink visual studio 2012 unmodify\contrib\irclib\..\bin\IRCLib.lib
     1>Done Building Project "C:\Users\ben\Documents\sourcecode\benpowerman uplink visual studio 2012 unmodify\contrib\irclib\IRCLib.vcxproj" (Build target(s)).

Build succeeded.

Time Elapsed 00:00:06.75
